[2017-06-01T03:58:00,849][INFO ][o.e.n.Node               ] [vMvkc2c] stopping ...
[2017-06-01T03:58:01,042][INFO ][o.e.n.Node               ] [vMvkc2c] stopped
[2017-06-01T03:58:01,043][INFO ][o.e.n.Node               ] [vMvkc2c] closing ...
[2017-06-01T03:58:01,074][INFO ][o.e.n.Node               ] [vMvkc2c] closed
[2017-06-01T04:34:13,542][INFO ][o.e.n.Node               ] [] initializing ...
[2017-06-01T04:34:13,704][INFO ][o.e.e.NodeEnvironment    ] [vMvkc2c] using [1] data paths, mounts [[/vagrant (vagrant)]], net usable_space [43.8gb], net total_space [65.1gb], spins? [possibly], types [vboxsf]
[2017-06-01T04:34:13,704][INFO ][o.e.e.NodeEnvironment    ] [vMvkc2c] heap size [1.9gb], compressed ordinary object pointers [true]
[2017-06-01T04:34:15,660][INFO ][o.e.n.Node               ] node name [vMvkc2c] derived from node ID [vMvkc2crRDOAiCeMB2kf9w]; set [node.name] to override
[2017-06-01T04:34:15,661][INFO ][o.e.n.Node               ] version[5.4.0], pid[17457], build[780f8c4/2017-04-28T17:43:27.229Z], OS[Linux/4.4.0-78-generic/amd64], JVM[Oracle Corporation/Java HotSpot(TM) 64-Bit Server VM/1.8.0_131/25.131-b11]
[2017-06-01T04:34:17,858][INFO ][o.e.p.PluginsService     ] [vMvkc2c] loaded module [aggs-matrix-stats]
[2017-06-01T04:34:17,859][INFO ][o.e.p.PluginsService     ] [vMvkc2c] loaded module [ingest-common]
[2017-06-01T04:34:17,859][INFO ][o.e.p.PluginsService     ] [vMvkc2c] loaded module [lang-expression]
[2017-06-01T04:34:17,859][INFO ][o.e.p.PluginsService     ] [vMvkc2c] loaded module [lang-groovy]
[2017-06-01T04:34:17,860][INFO ][o.e.p.PluginsService     ] [vMvkc2c] loaded module [lang-mustache]
[2017-06-01T04:34:17,860][INFO ][o.e.p.PluginsService     ] [vMvkc2c] loaded module [lang-painless]
[2017-06-01T04:34:17,860][INFO ][o.e.p.PluginsService     ] [vMvkc2c] loaded module [percolator]
[2017-06-01T04:34:17,860][INFO ][o.e.p.PluginsService     ] [vMvkc2c] loaded module [reindex]
[2017-06-01T04:34:17,860][INFO ][o.e.p.PluginsService     ] [vMvkc2c] loaded module [transport-netty3]
[2017-06-01T04:34:17,861][INFO ][o.e.p.PluginsService     ] [vMvkc2c] loaded module [transport-netty4]
[2017-06-01T04:34:17,862][INFO ][o.e.p.PluginsService     ] [vMvkc2c] no plugins loaded
[2017-06-01T04:34:21,552][INFO ][o.e.d.DiscoveryModule    ] [vMvkc2c] using discovery type [zen]
[2017-06-01T04:34:22,935][INFO ][o.e.n.Node               ] initialized
[2017-06-01T04:34:22,936][INFO ][o.e.n.Node               ] [vMvkc2c] starting ...
[2017-06-01T04:34:23,232][INFO ][o.e.t.TransportService   ] [vMvkc2c] publish_address {127.0.0.1:9300}, bound_addresses {[::1]:9300}, {127.0.0.1:9300}
[2017-06-01T04:34:23,248][WARN ][o.e.b.BootstrapChecks    ] [vMvkc2c] max virtual memory areas vm.max_map_count [65530] is too low, increase to at least [262144]
[2017-06-01T04:34:23,942][INFO ][o.e.m.j.JvmGcMonitorService] [vMvkc2c] [gc][1] overhead, spent [282ms] collecting in the last [1s]
[2017-06-01T04:34:26,650][INFO ][o.e.c.s.ClusterService   ] [vMvkc2c] new_master {vMvkc2c}{vMvkc2crRDOAiCeMB2kf9w}{TIQj7rpnQk2F91EFPJuytw}{127.0.0.1}{127.0.0.1:9300}, reason: zen-disco-elected-as-master ([0] nodes joined)
[2017-06-01T04:34:26,717][INFO ][o.e.h.n.Netty4HttpServerTransport] [vMvkc2c] publish_address {127.0.0.1:9200}, bound_addresses {[::1]:9200}, {127.0.0.1:9200}
[2017-06-01T04:34:26,727][INFO ][o.e.n.Node               ] [vMvkc2c] started
[2017-06-01T04:34:27,994][INFO ][o.e.g.GatewayService     ] [vMvkc2c] recovered [9] indices into cluster_state
[2017-06-01T04:34:35,734][INFO ][o.e.c.r.a.AllocationService] [vMvkc2c] Cluster health status changed from [RED] to [YELLOW] (reason: [shards started [[users][0]] ...]).
[2017-06-01T04:39:07,611][INFO ][o.e.n.Node               ] [vMvkc2c] stopping ...
[2017-06-01T04:39:07,935][INFO ][o.e.n.Node               ] [vMvkc2c] stopped
[2017-06-01T04:39:07,939][INFO ][o.e.n.Node               ] [vMvkc2c] closing ...
[2017-06-01T04:39:07,951][INFO ][o.e.n.Node               ] [vMvkc2c] closed
[2017-06-01T08:41:07,761][INFO ][o.e.n.Node               ] [] initializing ...
[2017-06-01T08:41:07,952][INFO ][o.e.e.NodeEnvironment    ] [vMvkc2c] using [1] data paths, mounts [[/vagrant (vagrant)]], net usable_space [43.7gb], net total_space [65.1gb], spins? [possibly], types [vboxsf]
[2017-06-01T08:41:07,953][INFO ][o.e.e.NodeEnvironment    ] [vMvkc2c] heap size [1.9gb], compressed ordinary object pointers [true]
[2017-06-01T08:41:09,828][INFO ][o.e.n.Node               ] node name [vMvkc2c] derived from node ID [vMvkc2crRDOAiCeMB2kf9w]; set [node.name] to override
[2017-06-01T08:41:09,829][INFO ][o.e.n.Node               ] version[5.4.0], pid[24363], build[780f8c4/2017-04-28T17:43:27.229Z], OS[Linux/4.4.0-78-generic/amd64], JVM[Oracle Corporation/Java HotSpot(TM) 64-Bit Server VM/1.8.0_131/25.131-b11]
[2017-06-01T08:41:12,433][INFO ][o.e.p.PluginsService     ] [vMvkc2c] loaded module [aggs-matrix-stats]
[2017-06-01T08:41:12,434][INFO ][o.e.p.PluginsService     ] [vMvkc2c] loaded module [ingest-common]
[2017-06-01T08:41:12,435][INFO ][o.e.p.PluginsService     ] [vMvkc2c] loaded module [lang-expression]
[2017-06-01T08:41:12,435][INFO ][o.e.p.PluginsService     ] [vMvkc2c] loaded module [lang-groovy]
[2017-06-01T08:41:12,436][INFO ][o.e.p.PluginsService     ] [vMvkc2c] loaded module [lang-mustache]
[2017-06-01T08:41:12,436][INFO ][o.e.p.PluginsService     ] [vMvkc2c] loaded module [lang-painless]
[2017-06-01T08:41:12,437][INFO ][o.e.p.PluginsService     ] [vMvkc2c] loaded module [percolator]
[2017-06-01T08:41:12,438][INFO ][o.e.p.PluginsService     ] [vMvkc2c] loaded module [reindex]
[2017-06-01T08:41:12,439][INFO ][o.e.p.PluginsService     ] [vMvkc2c] loaded module [transport-netty3]
[2017-06-01T08:41:12,439][INFO ][o.e.p.PluginsService     ] [vMvkc2c] loaded module [transport-netty4]
[2017-06-01T08:41:12,441][INFO ][o.e.p.PluginsService     ] [vMvkc2c] no plugins loaded
[2017-06-01T08:41:17,164][INFO ][o.e.d.DiscoveryModule    ] [vMvkc2c] using discovery type [zen]
[2017-06-01T08:41:19,964][INFO ][o.e.n.Node               ] initialized
[2017-06-01T08:41:19,965][INFO ][o.e.n.Node               ] [vMvkc2c] starting ...
[2017-06-01T08:41:20,932][INFO ][o.e.t.TransportService   ] [vMvkc2c] publish_address {127.0.0.1:9300}, bound_addresses {[::1]:9300}, {127.0.0.1:9300}
[2017-06-01T08:41:20,956][WARN ][o.e.b.BootstrapChecks    ] [vMvkc2c] max virtual memory areas vm.max_map_count [65530] is too low, increase to at least [262144]
[2017-06-01T08:41:20,975][INFO ][o.e.m.j.JvmGcMonitorService] [vMvkc2c] [gc][1] overhead, spent [371ms] collecting in the last [1s]
[2017-06-01T08:41:24,088][INFO ][o.e.c.s.ClusterService   ] [vMvkc2c] new_master {vMvkc2c}{vMvkc2crRDOAiCeMB2kf9w}{bqCf-BL6QpSKkKRtNnGvMg}{127.0.0.1}{127.0.0.1:9300}, reason: zen-disco-elected-as-master ([0] nodes joined)
[2017-06-01T08:41:24,184][INFO ][o.e.h.n.Netty4HttpServerTransport] [vMvkc2c] publish_address {127.0.0.1:9200}, bound_addresses {[::1]:9200}, {127.0.0.1:9200}
[2017-06-01T08:41:24,193][INFO ][o.e.n.Node               ] [vMvkc2c] started
[2017-06-01T08:41:26,419][INFO ][o.e.g.GatewayService     ] [vMvkc2c] recovered [9] indices into cluster_state
[2017-06-01T08:41:46,441][INFO ][o.e.c.r.a.AllocationService] [vMvkc2c] Cluster health status changed from [RED] to [YELLOW] (reason: [shards started [[users][1]] ...]).
[2017-06-01T08:43:26,513][INFO ][o.e.c.m.MetaDataMappingService] [vMvkc2c] [projects/628Fr_OyQjWAdA3OT-KiOg] update_mapping [project]
[2017-06-01T08:46:33,881][INFO ][o.e.m.j.JvmGcMonitorService] [vMvkc2c] [gc][young][313][6] duration [905ms], collections [1]/[1.5s], total [905ms]/[1.7s], memory [166.4mb]->[104.7mb]/[1.9gb], all_pools {[young] [131.9mb]->[423.8kb]/[133.1mb]}{[survivor] [14.3mb]->[10.6mb]/[16.6mb]}{[old] [20.1mb]->[93.6mb]/[1.8gb]}
[2017-06-01T08:46:33,883][WARN ][o.e.m.j.JvmGcMonitorService] [vMvkc2c] [gc][313] overhead, spent [905ms] collecting in the last [1.5s]
[2017-06-01T08:49:15,106][INFO ][o.e.n.Node               ] [vMvkc2c] stopping ...
[2017-06-01T08:49:15,421][INFO ][o.e.n.Node               ] [vMvkc2c] stopped
[2017-06-01T08:49:15,422][INFO ][o.e.n.Node               ] [vMvkc2c] closing ...
[2017-06-01T08:49:15,432][INFO ][o.e.n.Node               ] [vMvkc2c] closed
[2017-06-01T08:53:44,523][INFO ][o.e.n.Node               ] [] initializing ...
[2017-06-01T08:53:44,722][INFO ][o.e.e.NodeEnvironment    ] [vMvkc2c] using [1] data paths, mounts [[/vagrant (vagrant)]], net usable_space [43.7gb], net total_space [65.1gb], spins? [possibly], types [vboxsf]
[2017-06-01T08:53:44,723][INFO ][o.e.e.NodeEnvironment    ] [vMvkc2c] heap size [1.9gb], compressed ordinary object pointers [true]
[2017-06-01T08:53:45,991][INFO ][o.e.n.Node               ] node name [vMvkc2c] derived from node ID [vMvkc2crRDOAiCeMB2kf9w]; set [node.name] to override
[2017-06-01T08:53:45,992][INFO ][o.e.n.Node               ] version[5.4.0], pid[25051], build[780f8c4/2017-04-28T17:43:27.229Z], OS[Linux/4.4.0-78-generic/amd64], JVM[Oracle Corporation/Java HotSpot(TM) 64-Bit Server VM/1.8.0_131/25.131-b11]
[2017-06-01T08:53:47,967][INFO ][o.e.p.PluginsService     ] [vMvkc2c] loaded module [aggs-matrix-stats]
[2017-06-01T08:53:47,967][INFO ][o.e.p.PluginsService     ] [vMvkc2c] loaded module [ingest-common]
[2017-06-01T08:53:47,968][INFO ][o.e.p.PluginsService     ] [vMvkc2c] loaded module [lang-expression]
[2017-06-01T08:53:47,968][INFO ][o.e.p.PluginsService     ] [vMvkc2c] loaded module [lang-groovy]
[2017-06-01T08:53:47,968][INFO ][o.e.p.PluginsService     ] [vMvkc2c] loaded module [lang-mustache]
[2017-06-01T08:53:47,968][INFO ][o.e.p.PluginsService     ] [vMvkc2c] loaded module [lang-painless]
[2017-06-01T08:53:47,969][INFO ][o.e.p.PluginsService     ] [vMvkc2c] loaded module [percolator]
[2017-06-01T08:53:47,969][INFO ][o.e.p.PluginsService     ] [vMvkc2c] loaded module [reindex]
[2017-06-01T08:53:47,969][INFO ][o.e.p.PluginsService     ] [vMvkc2c] loaded module [transport-netty3]
[2017-06-01T08:53:47,970][INFO ][o.e.p.PluginsService     ] [vMvkc2c] loaded module [transport-netty4]
[2017-06-01T08:53:47,971][INFO ][o.e.p.PluginsService     ] [vMvkc2c] no plugins loaded
[2017-06-01T08:53:50,713][INFO ][o.e.d.DiscoveryModule    ] [vMvkc2c] using discovery type [zen]
[2017-06-01T08:53:51,674][INFO ][o.e.n.Node               ] initialized
[2017-06-01T08:53:51,675][INFO ][o.e.n.Node               ] [vMvkc2c] starting ...
[2017-06-01T08:53:51,926][INFO ][o.e.t.TransportService   ] [vMvkc2c] publish_address {127.0.0.1:9300}, bound_addresses {[::1]:9300}, {127.0.0.1:9300}
[2017-06-01T08:53:51,942][WARN ][o.e.b.BootstrapChecks    ] [vMvkc2c] max virtual memory areas vm.max_map_count [65530] is too low, increase to at least [262144]
[2017-06-01T08:53:55,254][INFO ][o.e.c.s.ClusterService   ] [vMvkc2c] new_master {vMvkc2c}{vMvkc2crRDOAiCeMB2kf9w}{GswttkkKQnS9YNIi9uLFwg}{127.0.0.1}{127.0.0.1:9300}, reason: zen-disco-elected-as-master ([0] nodes joined)
[2017-06-01T08:53:55,311][INFO ][o.e.h.n.Netty4HttpServerTransport] [vMvkc2c] publish_address {127.0.0.1:9200}, bound_addresses {[::1]:9200}, {127.0.0.1:9200}
[2017-06-01T08:53:55,316][INFO ][o.e.n.Node               ] [vMvkc2c] started
[2017-06-01T08:53:56,922][INFO ][o.e.g.GatewayService     ] [vMvkc2c] recovered [9] indices into cluster_state
[2017-06-01T08:54:03,434][INFO ][o.e.c.r.a.AllocationService] [vMvkc2c] Cluster health status changed from [RED] to [YELLOW] (reason: [shards started [[users][0]] ...]).
[2017-06-01T09:00:19,820][INFO ][o.e.n.Node               ] [vMvkc2c] stopping ...
[2017-06-01T09:00:19,850][DEBUG][o.e.a.a.i.s.TransportIndicesStatsAction] [vMvkc2c] failed to execute [indices:monitor/stats] on node [vMvkc2crRDOAiCeMB2kf9w]
org.elasticsearch.transport.TransportException: transport stopped, action: indices:monitor/stats[n]
	at org.elasticsearch.transport.TransportService$4.doRun(TransportService.java:246) [elasticsearch-5.4.0.jar:5.4.0]
	at org.elasticsearch.common.util.concurrent.ThreadContext$ContextPreservingAbstractRunnable.doRun(ThreadContext.java:638) [elasticsearch-5.4.0.jar:5.4.0]
	at org.elasticsearch.common.util.concurrent.AbstractRunnable.run(AbstractRunnable.java:37) [elasticsearch-5.4.0.jar:5.4.0]
	at java.util.concurrent.ThreadPoolExecutor.runWorker(ThreadPoolExecutor.java:1142) [?:1.8.0_131]
	at java.util.concurrent.ThreadPoolExecutor$Worker.run(ThreadPoolExecutor.java:617) [?:1.8.0_131]
	at java.lang.Thread.run(Thread.java:748) [?:1.8.0_131]
[2017-06-01T09:00:19,985][WARN ][o.e.t.TransportService   ] [vMvkc2c] Transport response handler not found of id [270]
[2017-06-01T09:00:19,993][INFO ][o.e.n.Node               ] [vMvkc2c] stopped
[2017-06-01T09:00:19,994][INFO ][o.e.n.Node               ] [vMvkc2c] closing ...
[2017-06-01T09:00:20,011][INFO ][o.e.n.Node               ] [vMvkc2c] closed
[2017-06-01T19:49:03,559][INFO ][o.e.n.Node               ] [] initializing ...
[2017-06-01T19:49:03,775][INFO ][o.e.e.NodeEnvironment    ] [vMvkc2c] using [1] data paths, mounts [[/vagrant (vagrant)]], net usable_space [43.6gb], net total_space [65.1gb], spins? [possibly], types [vboxsf]
[2017-06-01T19:49:03,776][INFO ][o.e.e.NodeEnvironment    ] [vMvkc2c] heap size [1.9gb], compressed ordinary object pointers [true]
[2017-06-01T19:49:05,738][INFO ][o.e.n.Node               ] node name [vMvkc2c] derived from node ID [vMvkc2crRDOAiCeMB2kf9w]; set [node.name] to override
[2017-06-01T19:49:05,739][INFO ][o.e.n.Node               ] version[5.4.0], pid[7438], build[780f8c4/2017-04-28T17:43:27.229Z], OS[Linux/4.4.0-78-generic/amd64], JVM[Oracle Corporation/Java HotSpot(TM) 64-Bit Server VM/1.8.0_131/25.131-b11]
[2017-06-01T19:49:08,449][INFO ][o.e.p.PluginsService     ] [vMvkc2c] loaded module [aggs-matrix-stats]
[2017-06-01T19:49:08,451][INFO ][o.e.p.PluginsService     ] [vMvkc2c] loaded module [ingest-common]
[2017-06-01T19:49:08,452][INFO ][o.e.p.PluginsService     ] [vMvkc2c] loaded module [lang-expression]
[2017-06-01T19:49:08,452][INFO ][o.e.p.PluginsService     ] [vMvkc2c] loaded module [lang-groovy]
[2017-06-01T19:49:08,453][INFO ][o.e.p.PluginsService     ] [vMvkc2c] loaded module [lang-mustache]
[2017-06-01T19:49:08,453][INFO ][o.e.p.PluginsService     ] [vMvkc2c] loaded module [lang-painless]
[2017-06-01T19:49:08,453][INFO ][o.e.p.PluginsService     ] [vMvkc2c] loaded module [percolator]
[2017-06-01T19:49:08,454][INFO ][o.e.p.PluginsService     ] [vMvkc2c] loaded module [reindex]
[2017-06-01T19:49:08,455][INFO ][o.e.p.PluginsService     ] [vMvkc2c] loaded module [transport-netty3]
[2017-06-01T19:49:08,455][INFO ][o.e.p.PluginsService     ] [vMvkc2c] loaded module [transport-netty4]
[2017-06-01T19:49:08,457][INFO ][o.e.p.PluginsService     ] [vMvkc2c] no plugins loaded
[2017-06-01T19:49:12,076][INFO ][o.e.d.DiscoveryModule    ] [vMvkc2c] using discovery type [zen]
[2017-06-01T19:49:13,506][INFO ][o.e.n.Node               ] initialized
[2017-06-01T19:49:13,507][INFO ][o.e.n.Node               ] [vMvkc2c] starting ...
[2017-06-01T19:49:13,791][INFO ][o.e.t.TransportService   ] [vMvkc2c] publish_address {127.0.0.1:9300}, bound_addresses {[::1]:9300}, {127.0.0.1:9300}
[2017-06-01T19:49:13,805][WARN ][o.e.b.BootstrapChecks    ] [vMvkc2c] max virtual memory areas vm.max_map_count [65530] is too low, increase to at least [262144]
[2017-06-01T19:49:14,515][INFO ][o.e.m.j.JvmGcMonitorService] [vMvkc2c] [gc][1] overhead, spent [302ms] collecting in the last [1s]
[2017-06-01T19:49:17,237][INFO ][o.e.c.s.ClusterService   ] [vMvkc2c] new_master {vMvkc2c}{vMvkc2crRDOAiCeMB2kf9w}{QRgQqyUvQl-F1tsczK4CTA}{127.0.0.1}{127.0.0.1:9300}, reason: zen-disco-elected-as-master ([0] nodes joined)
[2017-06-01T19:49:17,292][INFO ][o.e.h.n.Netty4HttpServerTransport] [vMvkc2c] publish_address {127.0.0.1:9200}, bound_addresses {[::1]:9200}, {127.0.0.1:9200}
[2017-06-01T19:49:17,296][INFO ][o.e.n.Node               ] [vMvkc2c] started
[2017-06-01T19:49:19,020][INFO ][o.e.g.GatewayService     ] [vMvkc2c] recovered [9] indices into cluster_state
[2017-06-01T19:49:26,570][INFO ][o.e.c.r.a.AllocationService] [vMvkc2c] Cluster health status changed from [RED] to [YELLOW] (reason: [shards started [[users][2]] ...]).
[2017-06-01T19:54:03,825][WARN ][o.e.m.j.JvmGcMonitorService] [vMvkc2c] [gc][young][289][6] duration [1.2s], collections [1]/[2s], total [1.2s]/[2s], memory [170.7mb]->[106.7mb]/[1.9gb], all_pools {[young] [132.6mb]->[295kb]/[133.1mb]}{[survivor] [15.1mb]->[9.8mb]/[16.6mb]}{[old] [22.8mb]->[96.8mb]/[1.8gb]}
[2017-06-01T19:54:03,826][WARN ][o.e.m.j.JvmGcMonitorService] [vMvkc2c] [gc][289] overhead, spent [1.2s] collecting in the last [2s]
[2017-06-01T23:15:03,667][INFO ][o.e.n.Node               ] [vMvkc2c] stopping ...
[2017-06-01T23:15:03,813][INFO ][o.e.n.Node               ] [vMvkc2c] stopped
[2017-06-01T23:15:03,814][INFO ][o.e.n.Node               ] [vMvkc2c] closing ...
[2017-06-01T23:15:03,824][INFO ][o.e.n.Node               ] [vMvkc2c] closed
