[2017-05-25T23:40:27,012][INFO ][o.e.n.Node               ] [] initializing ...
[2017-05-25T23:40:27,175][INFO ][o.e.e.NodeEnvironment    ] [vMvkc2c] using [1] data paths, mounts [[/vagrant (vagrant)]], net usable_space [45.9gb], net total_space [65.1gb], spins? [possibly], types [vboxsf]
[2017-05-25T23:40:27,175][INFO ][o.e.e.NodeEnvironment    ] [vMvkc2c] heap size [1.9gb], compressed ordinary object pointers [true]
[2017-05-25T23:40:27,183][INFO ][o.e.n.Node               ] node name [vMvkc2c] derived from node ID [vMvkc2crRDOAiCeMB2kf9w]; set [node.name] to override
[2017-05-25T23:40:27,183][INFO ][o.e.n.Node               ] version[5.4.0], pid[4716], build[780f8c4/2017-04-28T17:43:27.229Z], OS[Linux/4.4.0-21-generic/amd64], JVM[Oracle Corporation/Java HotSpot(TM) 64-Bit Server VM/1.8.0_131/25.131-b11]
[2017-05-25T23:40:29,397][INFO ][o.e.p.PluginsService     ] [vMvkc2c] loaded module [aggs-matrix-stats]
[2017-05-25T23:40:29,398][INFO ][o.e.p.PluginsService     ] [vMvkc2c] loaded module [ingest-common]
[2017-05-25T23:40:29,399][INFO ][o.e.p.PluginsService     ] [vMvkc2c] loaded module [lang-expression]
[2017-05-25T23:40:29,399][INFO ][o.e.p.PluginsService     ] [vMvkc2c] loaded module [lang-groovy]
[2017-05-25T23:40:29,399][INFO ][o.e.p.PluginsService     ] [vMvkc2c] loaded module [lang-mustache]
[2017-05-25T23:40:29,399][INFO ][o.e.p.PluginsService     ] [vMvkc2c] loaded module [lang-painless]
[2017-05-25T23:40:29,400][INFO ][o.e.p.PluginsService     ] [vMvkc2c] loaded module [percolator]
[2017-05-25T23:40:29,401][INFO ][o.e.p.PluginsService     ] [vMvkc2c] loaded module [reindex]
[2017-05-25T23:40:29,401][INFO ][o.e.p.PluginsService     ] [vMvkc2c] loaded module [transport-netty3]
[2017-05-25T23:40:29,401][INFO ][o.e.p.PluginsService     ] [vMvkc2c] loaded module [transport-netty4]
[2017-05-25T23:40:29,403][INFO ][o.e.p.PluginsService     ] [vMvkc2c] no plugins loaded
[2017-05-25T23:40:32,605][INFO ][o.e.d.DiscoveryModule    ] [vMvkc2c] using discovery type [zen]
[2017-05-25T23:40:33,340][INFO ][o.e.n.Node               ] initialized
[2017-05-25T23:40:33,341][INFO ][o.e.n.Node               ] [vMvkc2c] starting ...
[2017-05-25T23:40:33,558][INFO ][o.e.t.TransportService   ] [vMvkc2c] publish_address {127.0.0.1:9300}, bound_addresses {[::1]:9300}, {127.0.0.1:9300}
[2017-05-25T23:40:33,582][WARN ][o.e.b.BootstrapChecks    ] [vMvkc2c] max virtual memory areas vm.max_map_count [65530] is too low, increase to at least [262144]
[2017-05-25T23:40:36,865][INFO ][o.e.c.s.ClusterService   ] [vMvkc2c] new_master {vMvkc2c}{vMvkc2crRDOAiCeMB2kf9w}{OI5p9k9iQC-VgOz1NB6N6Q}{127.0.0.1}{127.0.0.1:9300}, reason: zen-disco-elected-as-master ([0] nodes joined)
[2017-05-25T23:40:36,913][INFO ][o.e.h.n.Netty4HttpServerTransport] [vMvkc2c] publish_address {127.0.0.1:9200}, bound_addresses {[::1]:9200}, {127.0.0.1:9200}
[2017-05-25T23:40:36,917][INFO ][o.e.n.Node               ] [vMvkc2c] started
[2017-05-25T23:40:36,953][INFO ][o.e.g.GatewayService     ] [vMvkc2c] recovered [0] indices into cluster_state
[2017-05-25T23:41:12,976][INFO ][o.e.c.m.MetaDataCreateIndexService] [vMvkc2c] [projects] creating index, cause [api], templates [], shards [5]/[1], mappings [project]
[2017-05-25T23:41:13,665][INFO ][o.e.c.m.MetaDataCreateIndexService] [vMvkc2c] [users] creating index, cause [auto(bulk api)], templates [], shards [5]/[1], mappings []
[2017-05-25T23:41:14,223][INFO ][o.e.c.m.MetaDataMappingService] [vMvkc2c] [users/bFbR2LqESRGLbqR3QQe93w] create_mapping [user]
[2017-05-25T23:41:15,379][INFO ][o.e.m.j.JvmGcMonitorService] [vMvkc2c] [gc][42] overhead, spent [474ms] collecting in the last [1s]
[2017-05-25T23:41:16,848][INFO ][o.e.c.m.MetaDataMappingService] [vMvkc2c] [projects/qGZItesUTPO5p5SLtRynXA] update_mapping [project]
[2017-05-25T23:41:18,665][INFO ][o.e.c.m.MetaDataMappingService] [vMvkc2c] [projects/qGZItesUTPO5p5SLtRynXA] update_mapping [project]
[2017-05-25T23:41:18,827][INFO ][o.e.c.m.MetaDataCreateIndexService] [vMvkc2c] [tags] creating index, cause [auto(bulk api)], templates [], shards [5]/[1], mappings []
[2017-05-25T23:41:19,415][INFO ][o.e.c.m.MetaDataMappingService] [vMvkc2c] [tags/g0c3MR5VR5CrxV7TjIwThw] create_mapping [tag]
[2017-05-25T23:41:21,657][INFO ][o.e.c.m.MetaDataCreateIndexService] [vMvkc2c] [project_tags] creating index, cause [auto(bulk api)], templates [], shards [5]/[1], mappings []
[2017-05-25T23:41:22,256][INFO ][o.e.c.m.MetaDataMappingService] [vMvkc2c] [project_tags/nacdq0dsRn6zFKLvaUxi7A] create_mapping [project_tag]
[2017-05-25T23:41:22,494][INFO ][o.e.c.m.MetaDataCreateIndexService] [vMvkc2c] [project_statuses] creating index, cause [auto(bulk api)], templates [], shards [5]/[1], mappings []
[2017-05-25T23:41:22,997][INFO ][o.e.c.m.MetaDataMappingService] [vMvkc2c] [project_statuses/YsALZbyuSP-LPnVo4btFgw] create_mapping [project_status]
[2017-05-25T23:41:26,546][INFO ][o.e.c.m.MetaDataCreateIndexService] [vMvkc2c] [comments] creating index, cause [auto(bulk api)], templates [], shards [5]/[1], mappings []
[2017-05-25T23:41:27,013][INFO ][o.e.c.m.MetaDataMappingService] [vMvkc2c] [comments/LqtbK7AfQXicgS4q1gwRhg] create_mapping [comment]
[2017-05-25T23:41:27,777][INFO ][o.e.c.m.MetaDataCreateIndexService] [vMvkc2c] [project_uploads] creating index, cause [auto(bulk api)], templates [], shards [5]/[1], mappings []
[2017-05-25T23:41:28,443][INFO ][o.e.c.m.MetaDataMappingService] [vMvkc2c] [project_uploads/tUvX1C1VS4qYEGdLf4t2Uw] create_mapping [project_upload]
[2017-05-25T23:41:30,566][INFO ][o.e.c.m.MetaDataCreateIndexService] [vMvkc2c] [reviews] creating index, cause [auto(bulk api)], templates [], shards [5]/[1], mappings []
[2017-05-25T23:41:31,167][INFO ][o.e.c.m.MetaDataMappingService] [vMvkc2c] [reviews/qnc-M9xqSDCcpmNyOPGdUw] create_mapping [review]
[2017-05-25T23:41:31,270][INFO ][o.e.c.m.MetaDataMappingService] [vMvkc2c] [projects/qGZItesUTPO5p5SLtRynXA] update_mapping [project]
[2017-05-25T23:43:16,975][INFO ][o.e.c.m.MetaDataCreateIndexService] [vMvkc2c] [review_uploads] creating index, cause [auto(bulk api)], templates [], shards [5]/[1], mappings []
[2017-05-25T23:43:17,764][INFO ][o.e.c.m.MetaDataMappingService] [vMvkc2c] [review_uploads/-5r-AaT5RFecdy3OsMvXqQ] create_mapping [review_upload]
[2017-05-25T23:44:12,996][INFO ][o.e.c.m.MetaDataDeleteIndexService] [vMvkc2c] [projects/qGZItesUTPO5p5SLtRynXA] deleting index
[2017-05-25T23:44:13,727][INFO ][o.e.c.m.MetaDataCreateIndexService] [vMvkc2c] [projects] creating index, cause [api], templates [], shards [5]/[1], mappings [project]
[2017-05-25T23:44:14,391][INFO ][o.e.c.m.MetaDataMappingService] [vMvkc2c] [projects/eZOB_rvkRkCEZOlSLIHJyg] update_mapping [project]
[2017-05-25T23:44:14,475][INFO ][o.e.c.m.MetaDataMappingService] [vMvkc2c] [projects/eZOB_rvkRkCEZOlSLIHJyg] update_mapping [project]
[2017-05-25T23:46:31,511][INFO ][o.e.c.m.MetaDataDeleteIndexService] [vMvkc2c] [projects/eZOB_rvkRkCEZOlSLIHJyg] deleting index
[2017-05-25T23:46:31,935][INFO ][o.e.c.m.MetaDataCreateIndexService] [vMvkc2c] [projects] creating index, cause [api], templates [], shards [5]/[1], mappings [project]
[2017-05-25T23:46:33,994][INFO ][o.e.c.m.MetaDataMappingService] [vMvkc2c] [projects/mDb052KITPaAVxU1SxLGYg] update_mapping [project]
[2017-05-25T23:46:35,402][INFO ][o.e.c.m.MetaDataMappingService] [vMvkc2c] [projects/mDb052KITPaAVxU1SxLGYg] update_mapping [project]
[2017-05-25T23:46:41,935][INFO ][o.e.c.m.MetaDataMappingService] [vMvkc2c] [projects/mDb052KITPaAVxU1SxLGYg] update_mapping [project]
[2017-05-25T23:50:32,977][INFO ][o.e.c.m.MetaDataDeleteIndexService] [vMvkc2c] [projects/mDb052KITPaAVxU1SxLGYg] deleting index
[2017-05-25T23:50:34,313][INFO ][o.e.c.m.MetaDataCreateIndexService] [vMvkc2c] [projects] creating index, cause [api], templates [], shards [5]/[1], mappings [project]
[2017-05-25T23:50:34,994][INFO ][o.e.c.m.MetaDataMappingService] [vMvkc2c] [projects/KTvXCq1ETO-H_BMirm5weA] update_mapping [project]
[2017-05-25T23:50:35,066][INFO ][o.e.c.m.MetaDataMappingService] [vMvkc2c] [projects/KTvXCq1ETO-H_BMirm5weA] update_mapping [project]
[2017-05-25T23:54:04,070][INFO ][o.e.n.Node               ] [vMvkc2c] stopping ...
[2017-05-25T23:54:04,428][INFO ][o.e.n.Node               ] [vMvkc2c] stopped
[2017-05-25T23:54:04,433][INFO ][o.e.n.Node               ] [vMvkc2c] closing ...
[2017-05-25T23:54:04,443][INFO ][o.e.n.Node               ] [vMvkc2c] closed
