[2017-05-29T01:38:40,647][INFO ][o.e.n.Node               ] [] initializing ...
[2017-05-29T01:38:40,835][INFO ][o.e.e.NodeEnvironment    ] [vMvkc2c] using [1] data paths, mounts [[/vagrant (vagrant)]], net usable_space [44.4gb], net total_space [65.1gb], spins? [possibly], types [vboxsf]
[2017-05-29T01:38:40,836][INFO ][o.e.e.NodeEnvironment    ] [vMvkc2c] heap size [1.9gb], compressed ordinary object pointers [true]
[2017-05-29T01:38:43,434][INFO ][o.e.n.Node               ] node name [vMvkc2c] derived from node ID [vMvkc2crRDOAiCeMB2kf9w]; set [node.name] to override
[2017-05-29T01:38:43,435][INFO ][o.e.n.Node               ] version[5.4.0], pid[9214], build[780f8c4/2017-04-28T17:43:27.229Z], OS[Linux/4.4.0-78-generic/amd64], JVM[Oracle Corporation/Java HotSpot(TM) 64-Bit Server VM/1.8.0_131/25.131-b11]
[2017-05-29T01:38:45,964][INFO ][o.e.p.PluginsService     ] [vMvkc2c] loaded module [aggs-matrix-stats]
[2017-05-29T01:38:45,965][INFO ][o.e.p.PluginsService     ] [vMvkc2c] loaded module [ingest-common]
[2017-05-29T01:38:45,965][INFO ][o.e.p.PluginsService     ] [vMvkc2c] loaded module [lang-expression]
[2017-05-29T01:38:45,966][INFO ][o.e.p.PluginsService     ] [vMvkc2c] loaded module [lang-groovy]
[2017-05-29T01:38:45,966][INFO ][o.e.p.PluginsService     ] [vMvkc2c] loaded module [lang-mustache]
[2017-05-29T01:38:45,966][INFO ][o.e.p.PluginsService     ] [vMvkc2c] loaded module [lang-painless]
[2017-05-29T01:38:45,966][INFO ][o.e.p.PluginsService     ] [vMvkc2c] loaded module [percolator]
[2017-05-29T01:38:45,967][INFO ][o.e.p.PluginsService     ] [vMvkc2c] loaded module [reindex]
[2017-05-29T01:38:45,968][INFO ][o.e.p.PluginsService     ] [vMvkc2c] loaded module [transport-netty3]
[2017-05-29T01:38:45,968][INFO ][o.e.p.PluginsService     ] [vMvkc2c] loaded module [transport-netty4]
[2017-05-29T01:38:45,969][INFO ][o.e.p.PluginsService     ] [vMvkc2c] no plugins loaded
[2017-05-29T01:38:49,635][INFO ][o.e.d.DiscoveryModule    ] [vMvkc2c] using discovery type [zen]
[2017-05-29T01:38:51,141][INFO ][o.e.n.Node               ] initialized
[2017-05-29T01:38:51,144][INFO ][o.e.n.Node               ] [vMvkc2c] starting ...
[2017-05-29T01:38:51,560][INFO ][o.e.t.TransportService   ] [vMvkc2c] publish_address {127.0.0.1:9300}, bound_addresses {[::1]:9300}, {127.0.0.1:9300}
[2017-05-29T01:38:51,579][WARN ][o.e.b.BootstrapChecks    ] [vMvkc2c] max virtual memory areas vm.max_map_count [65530] is too low, increase to at least [262144]
[2017-05-29T01:38:54,930][INFO ][o.e.c.s.ClusterService   ] [vMvkc2c] new_master {vMvkc2c}{vMvkc2crRDOAiCeMB2kf9w}{hvc9MHYoQ9qvb8HvdVjTpw}{127.0.0.1}{127.0.0.1:9300}, reason: zen-disco-elected-as-master ([0] nodes joined)
[2017-05-29T01:38:54,967][INFO ][o.e.h.n.Netty4HttpServerTransport] [vMvkc2c] publish_address {127.0.0.1:9200}, bound_addresses {[::1]:9200}, {127.0.0.1:9200}
[2017-05-29T01:38:54,970][INFO ][o.e.n.Node               ] [vMvkc2c] started
[2017-05-29T01:38:56,594][INFO ][o.e.g.GatewayService     ] [vMvkc2c] recovered [9] indices into cluster_state
[2017-05-29T01:39:05,787][INFO ][o.e.c.r.a.AllocationService] [vMvkc2c] Cluster health status changed from [RED] to [YELLOW] (reason: [shards started [[users][4]] ...]).
[2017-05-29T01:45:54,468][WARN ][o.e.m.j.JvmGcMonitorService] [vMvkc2c] [gc][423] overhead, spent [606ms] collecting in the last [1s]
[2017-05-29T01:59:09,856][INFO ][o.e.n.Node               ] [vMvkc2c] stopping ...
[2017-05-29T01:59:09,993][INFO ][o.e.n.Node               ] [vMvkc2c] stopped
[2017-05-29T01:59:09,994][INFO ][o.e.n.Node               ] [vMvkc2c] closing ...
[2017-05-29T01:59:10,014][INFO ][o.e.n.Node               ] [vMvkc2c] closed
[2017-05-29T01:59:21,330][INFO ][o.e.n.Node               ] [] initializing ...
[2017-05-29T01:59:21,504][INFO ][o.e.e.NodeEnvironment    ] [vMvkc2c] using [1] data paths, mounts [[/vagrant (vagrant)]], net usable_space [44.4gb], net total_space [65.1gb], spins? [possibly], types [vboxsf]
[2017-05-29T01:59:21,505][INFO ][o.e.e.NodeEnvironment    ] [vMvkc2c] heap size [1.9gb], compressed ordinary object pointers [true]
[2017-05-29T01:59:23,227][INFO ][o.e.n.Node               ] node name [vMvkc2c] derived from node ID [vMvkc2crRDOAiCeMB2kf9w]; set [node.name] to override
[2017-05-29T01:59:23,227][INFO ][o.e.n.Node               ] version[5.4.0], pid[9848], build[780f8c4/2017-04-28T17:43:27.229Z], OS[Linux/4.4.0-78-generic/amd64], JVM[Oracle Corporation/Java HotSpot(TM) 64-Bit Server VM/1.8.0_131/25.131-b11]
[2017-05-29T01:59:25,345][INFO ][o.e.p.PluginsService     ] [vMvkc2c] loaded module [aggs-matrix-stats]
[2017-05-29T01:59:25,346][INFO ][o.e.p.PluginsService     ] [vMvkc2c] loaded module [ingest-common]
[2017-05-29T01:59:25,346][INFO ][o.e.p.PluginsService     ] [vMvkc2c] loaded module [lang-expression]
[2017-05-29T01:59:25,347][INFO ][o.e.p.PluginsService     ] [vMvkc2c] loaded module [lang-groovy]
[2017-05-29T01:59:25,347][INFO ][o.e.p.PluginsService     ] [vMvkc2c] loaded module [lang-mustache]
[2017-05-29T01:59:25,348][INFO ][o.e.p.PluginsService     ] [vMvkc2c] loaded module [lang-painless]
[2017-05-29T01:59:25,348][INFO ][o.e.p.PluginsService     ] [vMvkc2c] loaded module [percolator]
[2017-05-29T01:59:25,349][INFO ][o.e.p.PluginsService     ] [vMvkc2c] loaded module [reindex]
[2017-05-29T01:59:25,349][INFO ][o.e.p.PluginsService     ] [vMvkc2c] loaded module [transport-netty3]
[2017-05-29T01:59:25,350][INFO ][o.e.p.PluginsService     ] [vMvkc2c] loaded module [transport-netty4]
[2017-05-29T01:59:25,351][INFO ][o.e.p.PluginsService     ] [vMvkc2c] no plugins loaded
[2017-05-29T01:59:27,971][INFO ][o.e.d.DiscoveryModule    ] [vMvkc2c] using discovery type [zen]
[2017-05-29T01:59:28,958][INFO ][o.e.n.Node               ] initialized
[2017-05-29T01:59:28,959][INFO ][o.e.n.Node               ] [vMvkc2c] starting ...
[2017-05-29T01:59:29,415][INFO ][o.e.t.TransportService   ] [vMvkc2c] publish_address {127.0.0.1:9300}, bound_addresses {[::1]:9300}, {127.0.0.1:9300}
[2017-05-29T01:59:29,468][WARN ][o.e.b.BootstrapChecks    ] [vMvkc2c] max virtual memory areas vm.max_map_count [65530] is too low, increase to at least [262144]
[2017-05-29T01:59:32,578][INFO ][o.e.c.s.ClusterService   ] [vMvkc2c] new_master {vMvkc2c}{vMvkc2crRDOAiCeMB2kf9w}{idObEnpkRW2i6N-y0_iXEA}{127.0.0.1}{127.0.0.1:9300}, reason: zen-disco-elected-as-master ([0] nodes joined)
[2017-05-29T01:59:32,622][INFO ][o.e.h.n.Netty4HttpServerTransport] [vMvkc2c] publish_address {127.0.0.1:9200}, bound_addresses {[::1]:9200}, {127.0.0.1:9200}
[2017-05-29T01:59:32,628][INFO ][o.e.n.Node               ] [vMvkc2c] started
[2017-05-29T01:59:34,102][INFO ][o.e.g.GatewayService     ] [vMvkc2c] recovered [9] indices into cluster_state
[2017-05-29T01:59:42,338][INFO ][o.e.c.r.a.AllocationService] [vMvkc2c] Cluster health status changed from [RED] to [YELLOW] (reason: [shards started [[users][4]] ...]).
[2017-05-29T02:10:18,610][INFO ][o.e.n.Node               ] [vMvkc2c] stopping ...
[2017-05-29T02:10:18,775][INFO ][o.e.n.Node               ] [vMvkc2c] stopped
[2017-05-29T02:10:18,776][INFO ][o.e.n.Node               ] [vMvkc2c] closing ...
[2017-05-29T02:10:18,786][INFO ][o.e.n.Node               ] [vMvkc2c] closed
[2017-05-29T02:12:58,844][INFO ][o.e.n.Node               ] [] initializing ...
[2017-05-29T02:12:59,016][INFO ][o.e.e.NodeEnvironment    ] [vMvkc2c] using [1] data paths, mounts [[/vagrant (vagrant)]], net usable_space [44.4gb], net total_space [65.1gb], spins? [possibly], types [vboxsf]
[2017-05-29T02:12:59,017][INFO ][o.e.e.NodeEnvironment    ] [vMvkc2c] heap size [1.9gb], compressed ordinary object pointers [true]
[2017-05-29T02:13:01,068][INFO ][o.e.n.Node               ] node name [vMvkc2c] derived from node ID [vMvkc2crRDOAiCeMB2kf9w]; set [node.name] to override
[2017-05-29T02:13:01,069][INFO ][o.e.n.Node               ] version[5.4.0], pid[10336], build[780f8c4/2017-04-28T17:43:27.229Z], OS[Linux/4.4.0-78-generic/amd64], JVM[Oracle Corporation/Java HotSpot(TM) 64-Bit Server VM/1.8.0_131/25.131-b11]
[2017-05-29T02:13:03,277][INFO ][o.e.p.PluginsService     ] [vMvkc2c] loaded module [aggs-matrix-stats]
[2017-05-29T02:13:03,278][INFO ][o.e.p.PluginsService     ] [vMvkc2c] loaded module [ingest-common]
[2017-05-29T02:13:03,278][INFO ][o.e.p.PluginsService     ] [vMvkc2c] loaded module [lang-expression]
[2017-05-29T02:13:03,278][INFO ][o.e.p.PluginsService     ] [vMvkc2c] loaded module [lang-groovy]
[2017-05-29T02:13:03,279][INFO ][o.e.p.PluginsService     ] [vMvkc2c] loaded module [lang-mustache]
[2017-05-29T02:13:03,279][INFO ][o.e.p.PluginsService     ] [vMvkc2c] loaded module [lang-painless]
[2017-05-29T02:13:03,279][INFO ][o.e.p.PluginsService     ] [vMvkc2c] loaded module [percolator]
[2017-05-29T02:13:03,280][INFO ][o.e.p.PluginsService     ] [vMvkc2c] loaded module [reindex]
[2017-05-29T02:13:03,280][INFO ][o.e.p.PluginsService     ] [vMvkc2c] loaded module [transport-netty3]
[2017-05-29T02:13:03,281][INFO ][o.e.p.PluginsService     ] [vMvkc2c] loaded module [transport-netty4]
[2017-05-29T02:13:03,282][INFO ][o.e.p.PluginsService     ] [vMvkc2c] no plugins loaded
[2017-05-29T02:13:06,284][INFO ][o.e.d.DiscoveryModule    ] [vMvkc2c] using discovery type [zen]
[2017-05-29T02:13:07,255][INFO ][o.e.n.Node               ] initialized
[2017-05-29T02:13:07,258][INFO ][o.e.n.Node               ] [vMvkc2c] starting ...
[2017-05-29T02:13:07,551][INFO ][o.e.t.TransportService   ] [vMvkc2c] publish_address {127.0.0.1:9300}, bound_addresses {[::1]:9300}, {127.0.0.1:9300}
[2017-05-29T02:13:07,563][WARN ][o.e.b.BootstrapChecks    ] [vMvkc2c] max virtual memory areas vm.max_map_count [65530] is too low, increase to at least [262144]
[2017-05-29T02:13:08,262][INFO ][o.e.m.j.JvmGcMonitorService] [vMvkc2c] [gc][1] overhead, spent [283ms] collecting in the last [1s]
[2017-05-29T02:13:11,006][INFO ][o.e.c.s.ClusterService   ] [vMvkc2c] new_master {vMvkc2c}{vMvkc2crRDOAiCeMB2kf9w}{YX6K9FqpT_2gqMIzuH1ctQ}{127.0.0.1}{127.0.0.1:9300}, reason: zen-disco-elected-as-master ([0] nodes joined)
[2017-05-29T02:13:11,065][INFO ][o.e.h.n.Netty4HttpServerTransport] [vMvkc2c] publish_address {127.0.0.1:9200}, bound_addresses {[::1]:9200}, {127.0.0.1:9200}
[2017-05-29T02:13:11,077][INFO ][o.e.n.Node               ] [vMvkc2c] started
[2017-05-29T02:13:14,069][INFO ][o.e.g.GatewayService     ] [vMvkc2c] recovered [9] indices into cluster_state
[2017-05-29T02:13:16,935][INFO ][o.e.c.m.MetaDataDeleteIndexService] [vMvkc2c] [projects/jNtFg3HdTECLMSSJliDYAQ] deleting index
[2017-05-29T02:13:19,271][INFO ][o.e.m.j.JvmGcMonitorService] [vMvkc2c] [gc][12] overhead, spent [316ms] collecting in the last [1s]
[2017-05-29T02:13:19,696][INFO ][o.e.c.m.MetaDataCreateIndexService] [vMvkc2c] [projects] creating index, cause [api], templates [], shards [5]/[1], mappings [project]
[2017-05-29T02:13:25,039][INFO ][o.e.c.r.a.AllocationService] [vMvkc2c] Cluster health status changed from [RED] to [YELLOW] (reason: [shards started [[users][2], [projects][0], [users][3], [users][0]] ...]).
[2017-05-29T02:13:26,888][INFO ][o.e.c.m.MetaDataMappingService] [vMvkc2c] [projects/-VZkU59oQSO7aMe8uupZXA] update_mapping [project]
[2017-05-29T02:13:30,324][INFO ][o.e.c.m.MetaDataMappingService] [vMvkc2c] [projects/-VZkU59oQSO7aMe8uupZXA] update_mapping [project]
[2017-05-29T02:13:31,278][INFO ][o.e.m.j.JvmGcMonitorService] [vMvkc2c] [gc][24] overhead, spent [364ms] collecting in the last [1s]
[2017-05-29T02:14:25,008][INFO ][o.e.c.m.MetaDataMappingService] [vMvkc2c] [projects/-VZkU59oQSO7aMe8uupZXA] update_mapping [project]
[2017-05-29T02:29:03,337][INFO ][o.e.n.Node               ] [vMvkc2c] stopping ...
[2017-05-29T02:29:03,483][INFO ][o.e.n.Node               ] [vMvkc2c] stopped
[2017-05-29T02:29:03,486][INFO ][o.e.n.Node               ] [vMvkc2c] closing ...
[2017-05-29T02:29:03,496][INFO ][o.e.n.Node               ] [vMvkc2c] closed
[2017-05-29T02:30:10,684][INFO ][o.e.n.Node               ] [] initializing ...
[2017-05-29T02:30:10,844][INFO ][o.e.e.NodeEnvironment    ] [vMvkc2c] using [1] data paths, mounts [[/vagrant (vagrant)]], net usable_space [44.3gb], net total_space [65.1gb], spins? [possibly], types [vboxsf]
[2017-05-29T02:30:10,845][INFO ][o.e.e.NodeEnvironment    ] [vMvkc2c] heap size [1.9gb], compressed ordinary object pointers [true]
[2017-05-29T02:30:12,861][INFO ][o.e.n.Node               ] node name [vMvkc2c] derived from node ID [vMvkc2crRDOAiCeMB2kf9w]; set [node.name] to override
[2017-05-29T02:30:12,862][INFO ][o.e.n.Node               ] version[5.4.0], pid[13357], build[780f8c4/2017-04-28T17:43:27.229Z], OS[Linux/4.4.0-78-generic/amd64], JVM[Oracle Corporation/Java HotSpot(TM) 64-Bit Server VM/1.8.0_131/25.131-b11]
[2017-05-29T02:30:15,056][INFO ][o.e.p.PluginsService     ] [vMvkc2c] loaded module [aggs-matrix-stats]
[2017-05-29T02:30:15,057][INFO ][o.e.p.PluginsService     ] [vMvkc2c] loaded module [ingest-common]
[2017-05-29T02:30:15,057][INFO ][o.e.p.PluginsService     ] [vMvkc2c] loaded module [lang-expression]
[2017-05-29T02:30:15,058][INFO ][o.e.p.PluginsService     ] [vMvkc2c] loaded module [lang-groovy]
[2017-05-29T02:30:15,058][INFO ][o.e.p.PluginsService     ] [vMvkc2c] loaded module [lang-mustache]
[2017-05-29T02:30:15,059][INFO ][o.e.p.PluginsService     ] [vMvkc2c] loaded module [lang-painless]
[2017-05-29T02:30:15,059][INFO ][o.e.p.PluginsService     ] [vMvkc2c] loaded module [percolator]
[2017-05-29T02:30:15,059][INFO ][o.e.p.PluginsService     ] [vMvkc2c] loaded module [reindex]
[2017-05-29T02:30:15,060][INFO ][o.e.p.PluginsService     ] [vMvkc2c] loaded module [transport-netty3]
[2017-05-29T02:30:15,060][INFO ][o.e.p.PluginsService     ] [vMvkc2c] loaded module [transport-netty4]
[2017-05-29T02:30:15,061][INFO ][o.e.p.PluginsService     ] [vMvkc2c] no plugins loaded
[2017-05-29T02:30:18,247][INFO ][o.e.d.DiscoveryModule    ] [vMvkc2c] using discovery type [zen]
[2017-05-29T02:30:19,294][INFO ][o.e.n.Node               ] initialized
[2017-05-29T02:30:19,295][INFO ][o.e.n.Node               ] [vMvkc2c] starting ...
[2017-05-29T02:30:19,526][INFO ][o.e.t.TransportService   ] [vMvkc2c] publish_address {127.0.0.1:9300}, bound_addresses {[::1]:9300}, {127.0.0.1:9300}
[2017-05-29T02:30:19,551][WARN ][o.e.b.BootstrapChecks    ] [vMvkc2c] max virtual memory areas vm.max_map_count [65530] is too low, increase to at least [262144]
[2017-05-29T02:30:20,302][INFO ][o.e.m.j.JvmGcMonitorService] [vMvkc2c] [gc][1] overhead, spent [289ms] collecting in the last [1s]
[2017-05-29T02:30:22,945][INFO ][o.e.c.s.ClusterService   ] [vMvkc2c] new_master {vMvkc2c}{vMvkc2crRDOAiCeMB2kf9w}{s8Fna99jTPedTt038O9QCQ}{127.0.0.1}{127.0.0.1:9300}, reason: zen-disco-elected-as-master ([0] nodes joined)
[2017-05-29T02:30:22,999][INFO ][o.e.h.n.Netty4HttpServerTransport] [vMvkc2c] publish_address {127.0.0.1:9200}, bound_addresses {[::1]:9200}, {127.0.0.1:9200}
[2017-05-29T02:30:23,014][INFO ][o.e.n.Node               ] [vMvkc2c] started
[2017-05-29T02:30:24,710][INFO ][o.e.g.GatewayService     ] [vMvkc2c] recovered [9] indices into cluster_state
[2017-05-29T02:30:36,231][INFO ][o.e.c.r.a.AllocationService] [vMvkc2c] Cluster health status changed from [RED] to [YELLOW] (reason: [shards started [[users][0]] ...]).
[2017-05-29T02:30:56,562][INFO ][o.e.n.Node               ] [vMvkc2c] stopping ...
[2017-05-29T02:30:56,795][INFO ][o.e.n.Node               ] [vMvkc2c] stopped
[2017-05-29T02:30:56,797][INFO ][o.e.n.Node               ] [vMvkc2c] closing ...
[2017-05-29T02:30:56,806][INFO ][o.e.n.Node               ] [vMvkc2c] closed
[2017-05-29T02:37:54,614][INFO ][o.e.n.Node               ] [] initializing ...
[2017-05-29T02:37:54,799][INFO ][o.e.e.NodeEnvironment    ] [vMvkc2c] using [1] data paths, mounts [[/vagrant (vagrant)]], net usable_space [44.3gb], net total_space [65.1gb], spins? [possibly], types [vboxsf]
[2017-05-29T02:37:54,801][INFO ][o.e.e.NodeEnvironment    ] [vMvkc2c] heap size [1.9gb], compressed ordinary object pointers [true]
[2017-05-29T02:37:56,277][INFO ][o.e.n.Node               ] node name [vMvkc2c] derived from node ID [vMvkc2crRDOAiCeMB2kf9w]; set [node.name] to override
[2017-05-29T02:37:56,278][INFO ][o.e.n.Node               ] version[5.4.0], pid[13803], build[780f8c4/2017-04-28T17:43:27.229Z], OS[Linux/4.4.0-78-generic/amd64], JVM[Oracle Corporation/Java HotSpot(TM) 64-Bit Server VM/1.8.0_131/25.131-b11]
[2017-05-29T02:37:58,438][INFO ][o.e.p.PluginsService     ] [vMvkc2c] loaded module [aggs-matrix-stats]
[2017-05-29T02:37:58,438][INFO ][o.e.p.PluginsService     ] [vMvkc2c] loaded module [ingest-common]
[2017-05-29T02:37:58,439][INFO ][o.e.p.PluginsService     ] [vMvkc2c] loaded module [lang-expression]
[2017-05-29T02:37:58,440][INFO ][o.e.p.PluginsService     ] [vMvkc2c] loaded module [lang-groovy]
[2017-05-29T02:37:58,441][INFO ][o.e.p.PluginsService     ] [vMvkc2c] loaded module [lang-mustache]
[2017-05-29T02:37:58,441][INFO ][o.e.p.PluginsService     ] [vMvkc2c] loaded module [lang-painless]
[2017-05-29T02:37:58,442][INFO ][o.e.p.PluginsService     ] [vMvkc2c] loaded module [percolator]
[2017-05-29T02:37:58,443][INFO ][o.e.p.PluginsService     ] [vMvkc2c] loaded module [reindex]
[2017-05-29T02:37:58,444][INFO ][o.e.p.PluginsService     ] [vMvkc2c] loaded module [transport-netty3]
[2017-05-29T02:37:58,445][INFO ][o.e.p.PluginsService     ] [vMvkc2c] loaded module [transport-netty4]
[2017-05-29T02:37:58,446][INFO ][o.e.p.PluginsService     ] [vMvkc2c] no plugins loaded
[2017-05-29T02:38:00,971][INFO ][o.e.d.DiscoveryModule    ] [vMvkc2c] using discovery type [zen]
[2017-05-29T02:38:02,007][INFO ][o.e.n.Node               ] initialized
[2017-05-29T02:38:02,007][INFO ][o.e.n.Node               ] [vMvkc2c] starting ...
[2017-05-29T02:38:02,250][INFO ][o.e.t.TransportService   ] [vMvkc2c] publish_address {127.0.0.1:9300}, bound_addresses {[::1]:9300}, {127.0.0.1:9300}
[2017-05-29T02:38:02,293][WARN ][o.e.b.BootstrapChecks    ] [vMvkc2c] max virtual memory areas vm.max_map_count [65530] is too low, increase to at least [262144]
[2017-05-29T02:38:05,592][INFO ][o.e.c.s.ClusterService   ] [vMvkc2c] new_master {vMvkc2c}{vMvkc2crRDOAiCeMB2kf9w}{fopr9xFkTLepZGarUe5Sqw}{127.0.0.1}{127.0.0.1:9300}, reason: zen-disco-elected-as-master ([0] nodes joined)
[2017-05-29T02:38:05,652][INFO ][o.e.h.n.Netty4HttpServerTransport] [vMvkc2c] publish_address {127.0.0.1:9200}, bound_addresses {[::1]:9200}, {127.0.0.1:9200}
[2017-05-29T02:38:05,656][INFO ][o.e.n.Node               ] [vMvkc2c] started
[2017-05-29T02:38:07,481][INFO ][o.e.g.GatewayService     ] [vMvkc2c] recovered [9] indices into cluster_state
[2017-05-29T02:38:17,666][INFO ][o.e.c.r.a.AllocationService] [vMvkc2c] Cluster health status changed from [RED] to [YELLOW] (reason: [shards started [[users][0]] ...]).
[2017-05-29T02:40:06,918][INFO ][o.e.n.Node               ] [vMvkc2c] stopping ...
[2017-05-29T02:40:07,086][INFO ][o.e.n.Node               ] [vMvkc2c] stopped
[2017-05-29T02:40:07,087][INFO ][o.e.n.Node               ] [vMvkc2c] closing ...
[2017-05-29T02:40:07,098][INFO ][o.e.n.Node               ] [vMvkc2c] closed
[2017-05-29T02:47:23,121][INFO ][o.e.n.Node               ] [] initializing ...
[2017-05-29T02:47:23,271][INFO ][o.e.e.NodeEnvironment    ] [vMvkc2c] using [1] data paths, mounts [[/vagrant (vagrant)]], net usable_space [44.2gb], net total_space [65.1gb], spins? [possibly], types [vboxsf]
[2017-05-29T02:47:23,272][INFO ][o.e.e.NodeEnvironment    ] [vMvkc2c] heap size [1.9gb], compressed ordinary object pointers [true]
[2017-05-29T02:47:24,683][INFO ][o.e.n.Node               ] node name [vMvkc2c] derived from node ID [vMvkc2crRDOAiCeMB2kf9w]; set [node.name] to override
[2017-05-29T02:47:24,684][INFO ][o.e.n.Node               ] version[5.4.0], pid[14188], build[780f8c4/2017-04-28T17:43:27.229Z], OS[Linux/4.4.0-78-generic/amd64], JVM[Oracle Corporation/Java HotSpot(TM) 64-Bit Server VM/1.8.0_131/25.131-b11]
[2017-05-29T02:47:27,001][INFO ][o.e.p.PluginsService     ] [vMvkc2c] loaded module [aggs-matrix-stats]
[2017-05-29T02:47:27,002][INFO ][o.e.p.PluginsService     ] [vMvkc2c] loaded module [ingest-common]
[2017-05-29T02:47:27,003][INFO ][o.e.p.PluginsService     ] [vMvkc2c] loaded module [lang-expression]
[2017-05-29T02:47:27,003][INFO ][o.e.p.PluginsService     ] [vMvkc2c] loaded module [lang-groovy]
[2017-05-29T02:47:27,003][INFO ][o.e.p.PluginsService     ] [vMvkc2c] loaded module [lang-mustache]
[2017-05-29T02:47:27,004][INFO ][o.e.p.PluginsService     ] [vMvkc2c] loaded module [lang-painless]
[2017-05-29T02:47:27,004][INFO ][o.e.p.PluginsService     ] [vMvkc2c] loaded module [percolator]
[2017-05-29T02:47:27,005][INFO ][o.e.p.PluginsService     ] [vMvkc2c] loaded module [reindex]
[2017-05-29T02:47:27,006][INFO ][o.e.p.PluginsService     ] [vMvkc2c] loaded module [transport-netty3]
[2017-05-29T02:47:27,006][INFO ][o.e.p.PluginsService     ] [vMvkc2c] loaded module [transport-netty4]
[2017-05-29T02:47:27,007][INFO ][o.e.p.PluginsService     ] [vMvkc2c] no plugins loaded
[2017-05-29T02:47:30,242][INFO ][o.e.d.DiscoveryModule    ] [vMvkc2c] using discovery type [zen]
[2017-05-29T02:47:31,252][INFO ][o.e.n.Node               ] initialized
[2017-05-29T02:47:31,254][INFO ][o.e.n.Node               ] [vMvkc2c] starting ...
[2017-05-29T02:47:31,663][INFO ][o.e.t.TransportService   ] [vMvkc2c] publish_address {127.0.0.1:9300}, bound_addresses {[::1]:9300}, {127.0.0.1:9300}
[2017-05-29T02:47:31,686][WARN ][o.e.b.BootstrapChecks    ] [vMvkc2c] max virtual memory areas vm.max_map_count [65530] is too low, increase to at least [262144]
[2017-05-29T02:47:32,265][INFO ][o.e.m.j.JvmGcMonitorService] [vMvkc2c] [gc][1] overhead, spent [274ms] collecting in the last [1s]
[2017-05-29T02:47:35,084][INFO ][o.e.c.s.ClusterService   ] [vMvkc2c] new_master {vMvkc2c}{vMvkc2crRDOAiCeMB2kf9w}{XYf2efQNR9iaEfj2lQDxSA}{127.0.0.1}{127.0.0.1:9300}, reason: zen-disco-elected-as-master ([0] nodes joined)
[2017-05-29T02:47:35,130][INFO ][o.e.h.n.Netty4HttpServerTransport] [vMvkc2c] publish_address {127.0.0.1:9200}, bound_addresses {[::1]:9200}, {127.0.0.1:9200}
[2017-05-29T02:47:35,134][INFO ][o.e.n.Node               ] [vMvkc2c] started
[2017-05-29T02:47:36,686][INFO ][o.e.g.GatewayService     ] [vMvkc2c] recovered [9] indices into cluster_state
[2017-05-29T02:47:55,094][INFO ][o.e.c.r.a.AllocationService] [vMvkc2c] Cluster health status changed from [RED] to [YELLOW] (reason: [shards started [[users][2]] ...]).
[2017-05-29T03:00:50,957][WARN ][o.e.m.j.JvmGcMonitorService] [vMvkc2c] [gc][799] overhead, spent [580ms] collecting in the last [1.1s]
[2017-05-29T05:00:34,646][INFO ][o.e.n.Node               ] [vMvkc2c] stopping ...
[2017-05-29T05:00:34,815][INFO ][o.e.n.Node               ] [vMvkc2c] stopped
[2017-05-29T05:00:34,817][INFO ][o.e.n.Node               ] [vMvkc2c] closing ...
[2017-05-29T05:00:34,826][INFO ][o.e.n.Node               ] [vMvkc2c] closed
[2017-05-29T16:06:19,793][INFO ][o.e.n.Node               ] [] initializing ...
[2017-05-29T16:06:19,996][INFO ][o.e.e.NodeEnvironment    ] [vMvkc2c] using [1] data paths, mounts [[/vagrant (vagrant)]], net usable_space [44.2gb], net total_space [65.1gb], spins? [possibly], types [vboxsf]
[2017-05-29T16:06:19,997][INFO ][o.e.e.NodeEnvironment    ] [vMvkc2c] heap size [1.9gb], compressed ordinary object pointers [true]
[2017-05-29T16:06:22,031][INFO ][o.e.n.Node               ] node name [vMvkc2c] derived from node ID [vMvkc2crRDOAiCeMB2kf9w]; set [node.name] to override
[2017-05-29T16:06:22,031][INFO ][o.e.n.Node               ] version[5.4.0], pid[2279], build[780f8c4/2017-04-28T17:43:27.229Z], OS[Linux/4.4.0-78-generic/amd64], JVM[Oracle Corporation/Java HotSpot(TM) 64-Bit Server VM/1.8.0_131/25.131-b11]
[2017-05-29T16:06:26,309][INFO ][o.e.p.PluginsService     ] [vMvkc2c] loaded module [aggs-matrix-stats]
[2017-05-29T16:06:26,311][INFO ][o.e.p.PluginsService     ] [vMvkc2c] loaded module [ingest-common]
[2017-05-29T16:06:26,311][INFO ][o.e.p.PluginsService     ] [vMvkc2c] loaded module [lang-expression]
[2017-05-29T16:06:26,312][INFO ][o.e.p.PluginsService     ] [vMvkc2c] loaded module [lang-groovy]
[2017-05-29T16:06:26,312][INFO ][o.e.p.PluginsService     ] [vMvkc2c] loaded module [lang-mustache]
[2017-05-29T16:06:26,312][INFO ][o.e.p.PluginsService     ] [vMvkc2c] loaded module [lang-painless]
[2017-05-29T16:06:26,313][INFO ][o.e.p.PluginsService     ] [vMvkc2c] loaded module [percolator]
[2017-05-29T16:06:26,314][INFO ][o.e.p.PluginsService     ] [vMvkc2c] loaded module [reindex]
[2017-05-29T16:06:26,314][INFO ][o.e.p.PluginsService     ] [vMvkc2c] loaded module [transport-netty3]
[2017-05-29T16:06:26,314][INFO ][o.e.p.PluginsService     ] [vMvkc2c] loaded module [transport-netty4]
[2017-05-29T16:06:26,315][INFO ][o.e.p.PluginsService     ] [vMvkc2c] no plugins loaded
[2017-05-29T16:06:29,945][INFO ][o.e.d.DiscoveryModule    ] [vMvkc2c] using discovery type [zen]
[2017-05-29T16:06:30,980][INFO ][o.e.n.Node               ] initialized
[2017-05-29T16:06:30,981][INFO ][o.e.n.Node               ] [vMvkc2c] starting ...
[2017-05-29T16:06:31,380][INFO ][o.e.t.TransportService   ] [vMvkc2c] publish_address {127.0.0.1:9300}, bound_addresses {[::1]:9300}, {127.0.0.1:9300}
[2017-05-29T16:06:31,410][WARN ][o.e.b.BootstrapChecks    ] [vMvkc2c] max virtual memory areas vm.max_map_count [65530] is too low, increase to at least [262144]
[2017-05-29T16:06:34,498][INFO ][o.e.c.s.ClusterService   ] [vMvkc2c] new_master {vMvkc2c}{vMvkc2crRDOAiCeMB2kf9w}{XJZX9dcGTHyikDTijDbZVQ}{127.0.0.1}{127.0.0.1:9300}, reason: zen-disco-elected-as-master ([0] nodes joined)
[2017-05-29T16:06:34,541][INFO ][o.e.h.n.Netty4HttpServerTransport] [vMvkc2c] publish_address {127.0.0.1:9200}, bound_addresses {[::1]:9200}, {127.0.0.1:9200}
[2017-05-29T16:06:34,546][INFO ][o.e.n.Node               ] [vMvkc2c] started
[2017-05-29T16:06:35,999][INFO ][o.e.g.GatewayService     ] [vMvkc2c] recovered [9] indices into cluster_state
[2017-05-29T16:06:43,932][INFO ][o.e.c.r.a.AllocationService] [vMvkc2c] Cluster health status changed from [RED] to [YELLOW] (reason: [shards started [[users][2]] ...]).
[2017-05-29T18:05:30,653][INFO ][o.e.m.j.JvmGcMonitorService] [vMvkc2c] [gc][7134] overhead, spent [451ms] collecting in the last [1s]
