[2019-01-10T00:02:34,153][INFO ][o.e.n.Node               ] [] initializing ...
[2019-01-10T00:02:34,240][INFO ][o.e.e.NodeEnvironment    ] [vMvkc2c] using [1] data paths, mounts [[/home/amber (/home/amber/.Private)]], net usable_space [25gb], net total_space [65.1gb], spins? [possibly], types [ecryptfs]
[2019-01-10T00:02:34,240][INFO ][o.e.e.NodeEnvironment    ] [vMvkc2c] heap size [1.9gb], compressed ordinary object pointers [true]
[2019-01-10T00:02:34,353][INFO ][o.e.n.Node               ] node name [vMvkc2c] derived from node ID [vMvkc2crRDOAiCeMB2kf9w]; set [node.name] to override
[2019-01-10T00:02:34,354][INFO ][o.e.n.Node               ] version[5.4.0], pid[15926], build[780f8c4/2017-04-28T17:43:27.229Z], OS[Linux/4.15.0-43-generic/amd64], JVM[Oracle Corporation/OpenJDK 64-Bit Server VM/1.8.0_191/25.191-b12]
[2019-01-10T00:02:35,311][INFO ][o.e.p.PluginsService     ] [vMvkc2c] loaded module [aggs-matrix-stats]
[2019-01-10T00:02:35,311][INFO ][o.e.p.PluginsService     ] [vMvkc2c] loaded module [ingest-common]
[2019-01-10T00:02:35,311][INFO ][o.e.p.PluginsService     ] [vMvkc2c] loaded module [lang-expression]
[2019-01-10T00:02:35,312][INFO ][o.e.p.PluginsService     ] [vMvkc2c] loaded module [lang-groovy]
[2019-01-10T00:02:35,312][INFO ][o.e.p.PluginsService     ] [vMvkc2c] loaded module [lang-mustache]
[2019-01-10T00:02:35,312][INFO ][o.e.p.PluginsService     ] [vMvkc2c] loaded module [lang-painless]
[2019-01-10T00:02:35,313][INFO ][o.e.p.PluginsService     ] [vMvkc2c] loaded module [percolator]
[2019-01-10T00:02:35,313][INFO ][o.e.p.PluginsService     ] [vMvkc2c] loaded module [reindex]
[2019-01-10T00:02:35,313][INFO ][o.e.p.PluginsService     ] [vMvkc2c] loaded module [transport-netty3]
[2019-01-10T00:02:35,313][INFO ][o.e.p.PluginsService     ] [vMvkc2c] loaded module [transport-netty4]
[2019-01-10T00:02:35,315][INFO ][o.e.p.PluginsService     ] [vMvkc2c] no plugins loaded
[2019-01-10T00:02:36,845][INFO ][o.e.d.DiscoveryModule    ] [vMvkc2c] using discovery type [zen]
[2019-01-10T00:02:37,714][INFO ][o.e.n.Node               ] initialized
[2019-01-10T00:02:37,715][INFO ][o.e.n.Node               ] [vMvkc2c] starting ...
[2019-01-10T00:02:37,945][INFO ][o.e.t.TransportService   ] [vMvkc2c] publish_address {127.0.0.1:9300}, bound_addresses {[::1]:9300}, {127.0.0.1:9300}
[2019-01-10T00:02:37,954][WARN ][o.e.b.BootstrapChecks    ] [vMvkc2c] max file descriptors [4096] for elasticsearch process is too low, increase to at least [65536]
[2019-01-10T00:02:37,954][WARN ][o.e.b.BootstrapChecks    ] [vMvkc2c] max virtual memory areas vm.max_map_count [65530] is too low, increase to at least [262144]
[2019-01-10T00:02:41,026][INFO ][o.e.c.s.ClusterService   ] [vMvkc2c] new_master {vMvkc2c}{vMvkc2crRDOAiCeMB2kf9w}{cy0LGKtIQjm313k3P-dGaw}{127.0.0.1}{127.0.0.1:9300}, reason: zen-disco-elected-as-master ([0] nodes joined)
[2019-01-10T00:02:41,052][INFO ][o.e.h.n.Netty4HttpServerTransport] [vMvkc2c] publish_address {127.0.0.1:9200}, bound_addresses {[::1]:9200}, {127.0.0.1:9200}
[2019-01-10T00:02:41,077][INFO ][o.e.n.Node               ] [vMvkc2c] started
[2019-01-10T00:02:41,712][INFO ][o.e.g.GatewayService     ] [vMvkc2c] recovered [9] indices into cluster_state
[2019-01-10T00:02:44,493][INFO ][o.e.c.r.a.AllocationService] [vMvkc2c] Cluster health status changed from [RED] to [YELLOW] (reason: [shards started [[users][1]] ...]).
[2019-01-10T00:11:02,172][INFO ][o.e.n.Node               ] [vMvkc2c] stopping ...
[2019-01-10T00:11:02,253][INFO ][o.e.n.Node               ] [vMvkc2c] stopped
[2019-01-10T00:11:02,253][INFO ][o.e.n.Node               ] [vMvkc2c] closing ...
[2019-01-10T00:11:02,262][INFO ][o.e.n.Node               ] [vMvkc2c] closed
[2019-01-10T10:26:09,245][INFO ][o.e.n.Node               ] [] initializing ...
[2019-01-10T10:26:09,336][INFO ][o.e.e.NodeEnvironment    ] [vMvkc2c] using [1] data paths, mounts [[/home/amber (/home/amber/.Private)]], net usable_space [25.3gb], net total_space [65.1gb], spins? [possibly], types [ecryptfs]
[2019-01-10T10:26:09,337][INFO ][o.e.e.NodeEnvironment    ] [vMvkc2c] heap size [1.9gb], compressed ordinary object pointers [true]
[2019-01-10T10:26:09,488][INFO ][o.e.n.Node               ] node name [vMvkc2c] derived from node ID [vMvkc2crRDOAiCeMB2kf9w]; set [node.name] to override
[2019-01-10T10:26:09,489][INFO ][o.e.n.Node               ] version[5.4.0], pid[2333], build[780f8c4/2017-04-28T17:43:27.229Z], OS[Linux/4.15.0-43-generic/amd64], JVM[Oracle Corporation/OpenJDK 64-Bit Server VM/1.8.0_191/25.191-b12]
[2019-01-10T10:26:10,335][INFO ][o.e.p.PluginsService     ] [vMvkc2c] loaded module [aggs-matrix-stats]
[2019-01-10T10:26:10,336][INFO ][o.e.p.PluginsService     ] [vMvkc2c] loaded module [ingest-common]
[2019-01-10T10:26:10,336][INFO ][o.e.p.PluginsService     ] [vMvkc2c] loaded module [lang-expression]
[2019-01-10T10:26:10,336][INFO ][o.e.p.PluginsService     ] [vMvkc2c] loaded module [lang-groovy]
[2019-01-10T10:26:10,337][INFO ][o.e.p.PluginsService     ] [vMvkc2c] loaded module [lang-mustache]
[2019-01-10T10:26:10,337][INFO ][o.e.p.PluginsService     ] [vMvkc2c] loaded module [lang-painless]
[2019-01-10T10:26:10,337][INFO ][o.e.p.PluginsService     ] [vMvkc2c] loaded module [percolator]
[2019-01-10T10:26:10,337][INFO ][o.e.p.PluginsService     ] [vMvkc2c] loaded module [reindex]
[2019-01-10T10:26:10,338][INFO ][o.e.p.PluginsService     ] [vMvkc2c] loaded module [transport-netty3]
[2019-01-10T10:26:10,338][INFO ][o.e.p.PluginsService     ] [vMvkc2c] loaded module [transport-netty4]
[2019-01-10T10:26:10,339][INFO ][o.e.p.PluginsService     ] [vMvkc2c] no plugins loaded
[2019-01-10T10:26:11,633][INFO ][o.e.d.DiscoveryModule    ] [vMvkc2c] using discovery type [zen]
[2019-01-10T10:26:12,550][INFO ][o.e.n.Node               ] initialized
[2019-01-10T10:26:12,551][INFO ][o.e.n.Node               ] [vMvkc2c] starting ...
[2019-01-10T10:26:12,786][INFO ][o.e.t.TransportService   ] [vMvkc2c] publish_address {127.0.0.1:9300}, bound_addresses {[::1]:9300}, {127.0.0.1:9300}
[2019-01-10T10:26:12,804][WARN ][o.e.b.BootstrapChecks    ] [vMvkc2c] max file descriptors [4096] for elasticsearch process is too low, increase to at least [65536]
[2019-01-10T10:26:12,806][WARN ][o.e.b.BootstrapChecks    ] [vMvkc2c] max virtual memory areas vm.max_map_count [65530] is too low, increase to at least [262144]
[2019-01-10T10:26:15,900][INFO ][o.e.c.s.ClusterService   ] [vMvkc2c] new_master {vMvkc2c}{vMvkc2crRDOAiCeMB2kf9w}{qSpWQDqiTCuK40QTjh_8xw}{127.0.0.1}{127.0.0.1:9300}, reason: zen-disco-elected-as-master ([0] nodes joined)
[2019-01-10T10:26:15,954][INFO ][o.e.h.n.Netty4HttpServerTransport] [vMvkc2c] publish_address {127.0.0.1:9200}, bound_addresses {[::1]:9200}, {127.0.0.1:9200}
[2019-01-10T10:26:15,966][INFO ][o.e.n.Node               ] [vMvkc2c] started
[2019-01-10T10:26:16,512][INFO ][o.e.g.GatewayService     ] [vMvkc2c] recovered [9] indices into cluster_state
[2019-01-10T10:26:19,980][INFO ][o.e.c.r.a.AllocationService] [vMvkc2c] Cluster health status changed from [RED] to [YELLOW] (reason: [shards started [[users][2], [users][3]] ...]).
[2019-01-10T12:34:14,465][INFO ][o.e.n.Node               ] [vMvkc2c] stopping ...
[2019-01-10T12:34:14,541][INFO ][o.e.n.Node               ] [vMvkc2c] stopped
[2019-01-10T12:34:14,541][INFO ][o.e.n.Node               ] [vMvkc2c] closing ...
[2019-01-10T12:34:14,551][INFO ][o.e.n.Node               ] [vMvkc2c] closed
[2019-01-10T12:35:38,356][INFO ][o.e.n.Node               ] [] initializing ...
[2019-01-10T12:35:38,479][INFO ][o.e.e.NodeEnvironment    ] [vMvkc2c] using [1] data paths, mounts [[/home/amber (/home/amber/.Private)]], net usable_space [25.3gb], net total_space [65.1gb], spins? [possibly], types [ecryptfs]
[2019-01-10T12:35:38,480][INFO ][o.e.e.NodeEnvironment    ] [vMvkc2c] heap size [1.9gb], compressed ordinary object pointers [true]
[2019-01-10T12:35:38,586][INFO ][o.e.n.Node               ] node name [vMvkc2c] derived from node ID [vMvkc2crRDOAiCeMB2kf9w]; set [node.name] to override
[2019-01-10T12:35:38,587][INFO ][o.e.n.Node               ] version[5.4.0], pid[4992], build[780f8c4/2017-04-28T17:43:27.229Z], OS[Linux/4.15.0-43-generic/amd64], JVM[Oracle Corporation/OpenJDK 64-Bit Server VM/1.8.0_191/25.191-b12]
[2019-01-10T12:35:39,599][INFO ][o.e.p.PluginsService     ] [vMvkc2c] loaded module [aggs-matrix-stats]
[2019-01-10T12:35:39,599][INFO ][o.e.p.PluginsService     ] [vMvkc2c] loaded module [ingest-common]
[2019-01-10T12:35:39,600][INFO ][o.e.p.PluginsService     ] [vMvkc2c] loaded module [lang-expression]
[2019-01-10T12:35:39,600][INFO ][o.e.p.PluginsService     ] [vMvkc2c] loaded module [lang-groovy]
[2019-01-10T12:35:39,600][INFO ][o.e.p.PluginsService     ] [vMvkc2c] loaded module [lang-mustache]
[2019-01-10T12:35:39,600][INFO ][o.e.p.PluginsService     ] [vMvkc2c] loaded module [lang-painless]
[2019-01-10T12:35:39,600][INFO ][o.e.p.PluginsService     ] [vMvkc2c] loaded module [percolator]
[2019-01-10T12:35:39,600][INFO ][o.e.p.PluginsService     ] [vMvkc2c] loaded module [reindex]
[2019-01-10T12:35:39,601][INFO ][o.e.p.PluginsService     ] [vMvkc2c] loaded module [transport-netty3]
[2019-01-10T12:35:39,601][INFO ][o.e.p.PluginsService     ] [vMvkc2c] loaded module [transport-netty4]
[2019-01-10T12:35:39,602][INFO ][o.e.p.PluginsService     ] [vMvkc2c] no plugins loaded
[2019-01-10T12:35:41,253][INFO ][o.e.d.DiscoveryModule    ] [vMvkc2c] using discovery type [zen]
[2019-01-10T12:35:42,147][INFO ][o.e.n.Node               ] initialized
[2019-01-10T12:35:42,147][INFO ][o.e.n.Node               ] [vMvkc2c] starting ...
[2019-01-10T12:35:42,322][INFO ][o.e.t.TransportService   ] [vMvkc2c] publish_address {127.0.0.1:9300}, bound_addresses {[::1]:9300}, {127.0.0.1:9300}
[2019-01-10T12:35:42,330][WARN ][o.e.b.BootstrapChecks    ] [vMvkc2c] max file descriptors [4096] for elasticsearch process is too low, increase to at least [65536]
[2019-01-10T12:35:42,330][WARN ][o.e.b.BootstrapChecks    ] [vMvkc2c] max virtual memory areas vm.max_map_count [65530] is too low, increase to at least [262144]
[2019-01-10T12:35:45,394][INFO ][o.e.c.s.ClusterService   ] [vMvkc2c] new_master {vMvkc2c}{vMvkc2crRDOAiCeMB2kf9w}{3zBNILpYT0qL52tcTZAIVA}{127.0.0.1}{127.0.0.1:9300}, reason: zen-disco-elected-as-master ([0] nodes joined)
[2019-01-10T12:35:45,443][INFO ][o.e.h.n.Netty4HttpServerTransport] [vMvkc2c] publish_address {127.0.0.1:9200}, bound_addresses {[::1]:9200}, {127.0.0.1:9200}
[2019-01-10T12:35:45,451][INFO ][o.e.n.Node               ] [vMvkc2c] started
[2019-01-10T12:35:45,884][INFO ][o.e.g.GatewayService     ] [vMvkc2c] recovered [9] indices into cluster_state
[2019-01-10T12:35:48,520][INFO ][o.e.c.r.a.AllocationService] [vMvkc2c] Cluster health status changed from [RED] to [YELLOW] (reason: [shards started [[users][0]] ...]).
[2019-01-10T12:50:18,730][INFO ][o.e.n.Node               ] [vMvkc2c] stopping ...
[2019-01-10T12:50:18,811][INFO ][o.e.n.Node               ] [vMvkc2c] stopped
[2019-01-10T12:50:18,814][INFO ][o.e.n.Node               ] [vMvkc2c] closing ...
[2019-01-10T12:50:18,824][INFO ][o.e.n.Node               ] [vMvkc2c] closed
[2019-01-10T13:48:03,735][INFO ][o.e.n.Node               ] [] initializing ...
[2019-01-10T13:48:03,898][INFO ][o.e.e.NodeEnvironment    ] [vMvkc2c] using [1] data paths, mounts [[/home/amber (/home/amber/.Private)]], net usable_space [25.3gb], net total_space [65.1gb], spins? [possibly], types [ecryptfs]
[2019-01-10T13:48:03,899][INFO ][o.e.e.NodeEnvironment    ] [vMvkc2c] heap size [1.9gb], compressed ordinary object pointers [true]
[2019-01-10T13:48:04,109][INFO ][o.e.n.Node               ] node name [vMvkc2c] derived from node ID [vMvkc2crRDOAiCeMB2kf9w]; set [node.name] to override
[2019-01-10T13:48:04,110][INFO ][o.e.n.Node               ] version[5.4.0], pid[6473], build[780f8c4/2017-04-28T17:43:27.229Z], OS[Linux/4.15.0-43-generic/amd64], JVM[Oracle Corporation/OpenJDK 64-Bit Server VM/1.8.0_191/25.191-b12]
[2019-01-10T13:48:06,113][INFO ][o.e.p.PluginsService     ] [vMvkc2c] loaded module [aggs-matrix-stats]
[2019-01-10T13:48:06,113][INFO ][o.e.p.PluginsService     ] [vMvkc2c] loaded module [ingest-common]
[2019-01-10T13:48:06,114][INFO ][o.e.p.PluginsService     ] [vMvkc2c] loaded module [lang-expression]
[2019-01-10T13:48:06,114][INFO ][o.e.p.PluginsService     ] [vMvkc2c] loaded module [lang-groovy]
[2019-01-10T13:48:06,115][INFO ][o.e.p.PluginsService     ] [vMvkc2c] loaded module [lang-mustache]
[2019-01-10T13:48:06,116][INFO ][o.e.p.PluginsService     ] [vMvkc2c] loaded module [lang-painless]
[2019-01-10T13:48:06,116][INFO ][o.e.p.PluginsService     ] [vMvkc2c] loaded module [percolator]
[2019-01-10T13:48:06,117][INFO ][o.e.p.PluginsService     ] [vMvkc2c] loaded module [reindex]
[2019-01-10T13:48:06,117][INFO ][o.e.p.PluginsService     ] [vMvkc2c] loaded module [transport-netty3]
[2019-01-10T13:48:06,117][INFO ][o.e.p.PluginsService     ] [vMvkc2c] loaded module [transport-netty4]
[2019-01-10T13:48:06,119][INFO ][o.e.p.PluginsService     ] [vMvkc2c] no plugins loaded
[2019-01-10T13:48:09,752][INFO ][o.e.d.DiscoveryModule    ] [vMvkc2c] using discovery type [zen]
[2019-01-10T13:48:11,721][INFO ][o.e.n.Node               ] initialized
[2019-01-10T13:48:11,722][INFO ][o.e.n.Node               ] [vMvkc2c] starting ...
[2019-01-10T13:48:11,898][INFO ][o.e.t.TransportService   ] [vMvkc2c] publish_address {127.0.0.1:9300}, bound_addresses {[::1]:9300}, {127.0.0.1:9300}
[2019-01-10T13:48:11,912][WARN ][o.e.b.BootstrapChecks    ] [vMvkc2c] max file descriptors [4096] for elasticsearch process is too low, increase to at least [65536]
[2019-01-10T13:48:11,914][WARN ][o.e.b.BootstrapChecks    ] [vMvkc2c] max virtual memory areas vm.max_map_count [65530] is too low, increase to at least [262144]
[2019-01-10T13:48:15,002][INFO ][o.e.c.s.ClusterService   ] [vMvkc2c] new_master {vMvkc2c}{vMvkc2crRDOAiCeMB2kf9w}{Ys--z_hCQ8qvD3-72roFbQ}{127.0.0.1}{127.0.0.1:9300}, reason: zen-disco-elected-as-master ([0] nodes joined)
[2019-01-10T13:48:15,054][INFO ][o.e.h.n.Netty4HttpServerTransport] [vMvkc2c] publish_address {127.0.0.1:9200}, bound_addresses {[::1]:9200}, {127.0.0.1:9200}
[2019-01-10T13:48:15,059][INFO ][o.e.n.Node               ] [vMvkc2c] started
[2019-01-10T13:48:15,529][INFO ][o.e.g.GatewayService     ] [vMvkc2c] recovered [9] indices into cluster_state
[2019-01-10T13:48:18,664][INFO ][o.e.c.r.a.AllocationService] [vMvkc2c] Cluster health status changed from [RED] to [YELLOW] (reason: [shards started [[users][1]] ...]).
[2019-01-10T13:49:03,407][INFO ][o.e.c.m.MetaDataDeleteIndexService] [vMvkc2c] [projects/628Fr_OyQjWAdA3OT-KiOg] deleting index
[2019-01-10T13:49:03,618][INFO ][o.e.c.m.MetaDataCreateIndexService] [vMvkc2c] [projects] creating index, cause [api], templates [], shards [5]/[1], mappings [project]
[2019-01-10T13:49:06,714][INFO ][o.e.c.m.MetaDataMappingService] [vMvkc2c] [projects/O6hClTR_Q3KrPFMECwko2Q] update_mapping [project]
[2019-01-10T13:49:11,288][INFO ][o.e.c.m.MetaDataMappingService] [vMvkc2c] [projects/O6hClTR_Q3KrPFMECwko2Q] update_mapping [project]
[2019-01-10T13:49:59,950][INFO ][o.e.c.m.MetaDataMappingService] [vMvkc2c] [projects/O6hClTR_Q3KrPFMECwko2Q] update_mapping [project]
