[2017-05-27T01:25:53,401][INFO ][o.e.c.m.MetaDataDeleteIndexService] [vMvkc2c] [projects/PX7dnAmMTiWzTn4ywkztZw] deleting index
[2017-05-27T01:25:53,993][INFO ][o.e.c.m.MetaDataCreateIndexService] [vMvkc2c] [projects] creating index, cause [api], templates [], shards [5]/[1], mappings [project]
[2017-05-27T01:25:54,689][INFO ][o.e.c.m.MetaDataMappingService] [vMvkc2c] [projects/WdAEu8J5Q3y4amdbq7Z2qQ] update_mapping [project]
[2017-05-27T01:25:54,809][INFO ][o.e.c.m.MetaDataMappingService] [vMvkc2c] [projects/WdAEu8J5Q3y4amdbq7Z2qQ] update_mapping [project]
[2017-05-27T01:42:08,681][INFO ][o.e.c.m.MetaDataDeleteIndexService] [vMvkc2c] [projects/WdAEu8J5Q3y4amdbq7Z2qQ] deleting index
[2017-05-27T01:42:09,250][INFO ][o.e.c.m.MetaDataCreateIndexService] [vMvkc2c] [projects] creating index, cause [api], templates [], shards [5]/[1], mappings [project]
[2017-05-27T01:42:09,976][INFO ][o.e.c.m.MetaDataMappingService] [vMvkc2c] [projects/TgmAQ8WvQpisdjgZdSHitw] update_mapping [project]
[2017-05-27T01:42:10,058][INFO ][o.e.c.m.MetaDataMappingService] [vMvkc2c] [projects/TgmAQ8WvQpisdjgZdSHitw] update_mapping [project]
[2017-05-27T02:10:12,980][INFO ][o.e.c.m.MetaDataDeleteIndexService] [vMvkc2c] [projects/TgmAQ8WvQpisdjgZdSHitw] deleting index
[2017-05-27T02:10:13,609][INFO ][o.e.c.m.MetaDataCreateIndexService] [vMvkc2c] [projects] creating index, cause [api], templates [], shards [5]/[1], mappings [project]
[2017-05-27T02:10:14,324][INFO ][o.e.c.m.MetaDataMappingService] [vMvkc2c] [projects/J5OELBdCQh-nVh4Fx5GcUg] update_mapping [project]
[2017-05-27T02:10:14,403][INFO ][o.e.c.m.MetaDataMappingService] [vMvkc2c] [projects/J5OELBdCQh-nVh4Fx5GcUg] update_mapping [project]
[2017-05-27T04:13:00,559][INFO ][o.e.c.m.MetaDataDeleteIndexService] [vMvkc2c] [projects/J5OELBdCQh-nVh4Fx5GcUg] deleting index
[2017-05-27T04:13:00,922][INFO ][o.e.c.m.MetaDataCreateIndexService] [vMvkc2c] [projects] creating index, cause [api], templates [], shards [5]/[1], mappings [project]
[2017-05-27T04:13:01,471][INFO ][o.e.c.m.MetaDataMappingService] [vMvkc2c] [projects/XpOyoMuvTZuAn7v9te5Z3A] update_mapping [project]
[2017-05-27T04:13:01,620][INFO ][o.e.c.m.MetaDataMappingService] [vMvkc2c] [projects/XpOyoMuvTZuAn7v9te5Z3A] update_mapping [project]
[2017-05-27T05:15:29,265][INFO ][o.e.c.m.MetaDataDeleteIndexService] [vMvkc2c] [projects/XpOyoMuvTZuAn7v9te5Z3A] deleting index
[2017-05-27T05:15:29,831][INFO ][o.e.c.m.MetaDataCreateIndexService] [vMvkc2c] [projects] creating index, cause [api], templates [], shards [5]/[1], mappings [project]
[2017-05-27T05:15:30,569][INFO ][o.e.c.m.MetaDataMappingService] [vMvkc2c] [projects/TDdm9rB6S2S4XnHirAtqrw] update_mapping [project]
[2017-05-27T05:15:30,637][INFO ][o.e.c.m.MetaDataMappingService] [vMvkc2c] [projects/TDdm9rB6S2S4XnHirAtqrw] update_mapping [project]
[2017-05-27T06:29:33,245][INFO ][o.e.n.Node               ] [vMvkc2c] stopping ...
[2017-05-27T06:29:33,400][INFO ][o.e.n.Node               ] [vMvkc2c] stopped
[2017-05-27T06:29:33,402][INFO ][o.e.n.Node               ] [vMvkc2c] closing ...
[2017-05-27T06:29:33,439][INFO ][o.e.n.Node               ] [vMvkc2c] closed
[2017-05-27T14:31:55,190][INFO ][o.e.n.Node               ] [] initializing ...
[2017-05-27T14:31:55,366][INFO ][o.e.e.NodeEnvironment    ] [vMvkc2c] using [1] data paths, mounts [[/vagrant (vagrant)]], net usable_space [44.7gb], net total_space [65.1gb], spins? [possibly], types [vboxsf]
[2017-05-27T14:31:55,366][INFO ][o.e.e.NodeEnvironment    ] [vMvkc2c] heap size [1.9gb], compressed ordinary object pointers [true]
[2017-05-27T14:31:59,396][INFO ][o.e.n.Node               ] node name [vMvkc2c] derived from node ID [vMvkc2crRDOAiCeMB2kf9w]; set [node.name] to override
[2017-05-27T14:31:59,397][INFO ][o.e.n.Node               ] version[5.4.0], pid[2845], build[780f8c4/2017-04-28T17:43:27.229Z], OS[Linux/4.4.0-78-generic/amd64], JVM[Oracle Corporation/Java HotSpot(TM) 64-Bit Server VM/1.8.0_131/25.131-b11]
[2017-05-27T14:32:01,745][INFO ][o.e.p.PluginsService     ] [vMvkc2c] loaded module [aggs-matrix-stats]
[2017-05-27T14:32:01,746][INFO ][o.e.p.PluginsService     ] [vMvkc2c] loaded module [ingest-common]
[2017-05-27T14:32:01,747][INFO ][o.e.p.PluginsService     ] [vMvkc2c] loaded module [lang-expression]
[2017-05-27T14:32:01,747][INFO ][o.e.p.PluginsService     ] [vMvkc2c] loaded module [lang-groovy]
[2017-05-27T14:32:01,747][INFO ][o.e.p.PluginsService     ] [vMvkc2c] loaded module [lang-mustache]
[2017-05-27T14:32:01,747][INFO ][o.e.p.PluginsService     ] [vMvkc2c] loaded module [lang-painless]
[2017-05-27T14:32:01,748][INFO ][o.e.p.PluginsService     ] [vMvkc2c] loaded module [percolator]
[2017-05-27T14:32:01,748][INFO ][o.e.p.PluginsService     ] [vMvkc2c] loaded module [reindex]
[2017-05-27T14:32:01,749][INFO ][o.e.p.PluginsService     ] [vMvkc2c] loaded module [transport-netty3]
[2017-05-27T14:32:01,749][INFO ][o.e.p.PluginsService     ] [vMvkc2c] loaded module [transport-netty4]
[2017-05-27T14:32:01,750][INFO ][o.e.p.PluginsService     ] [vMvkc2c] no plugins loaded
[2017-05-27T14:32:04,764][INFO ][o.e.d.DiscoveryModule    ] [vMvkc2c] using discovery type [zen]
[2017-05-27T14:32:05,778][INFO ][o.e.n.Node               ] initialized
[2017-05-27T14:32:05,779][INFO ][o.e.n.Node               ] [vMvkc2c] starting ...
[2017-05-27T14:32:06,279][INFO ][o.e.t.TransportService   ] [vMvkc2c] publish_address {127.0.0.1:9300}, bound_addresses {[::1]:9300}, {127.0.0.1:9300}
[2017-05-27T14:32:06,291][WARN ][o.e.b.BootstrapChecks    ] [vMvkc2c] max virtual memory areas vm.max_map_count [65530] is too low, increase to at least [262144]
[2017-05-27T14:32:09,374][INFO ][o.e.c.s.ClusterService   ] [vMvkc2c] new_master {vMvkc2c}{vMvkc2crRDOAiCeMB2kf9w}{3h5v4F31RCqp0r-BerxPAQ}{127.0.0.1}{127.0.0.1:9300}, reason: zen-disco-elected-as-master ([0] nodes joined)
[2017-05-27T14:32:09,420][INFO ][o.e.h.n.Netty4HttpServerTransport] [vMvkc2c] publish_address {127.0.0.1:9200}, bound_addresses {[::1]:9200}, {127.0.0.1:9200}
[2017-05-27T14:32:09,425][INFO ][o.e.n.Node               ] [vMvkc2c] started
[2017-05-27T14:32:10,931][INFO ][o.e.g.GatewayService     ] [vMvkc2c] recovered [9] indices into cluster_state
[2017-05-27T14:32:16,616][INFO ][o.e.c.r.a.AllocationService] [vMvkc2c] Cluster health status changed from [RED] to [YELLOW] (reason: [shards started [[users][4]] ...]).
[2017-05-27T14:32:54,266][INFO ][o.e.c.m.MetaDataDeleteIndexService] [vMvkc2c] [projects/TDdm9rB6S2S4XnHirAtqrw] deleting index
[2017-05-27T14:32:54,950][INFO ][o.e.c.m.MetaDataCreateIndexService] [vMvkc2c] [projects] creating index, cause [api], templates [], shards [5]/[1], mappings [project]
[2017-05-27T14:32:55,802][INFO ][o.e.c.m.MetaDataMappingService] [vMvkc2c] [projects/1XHK9BrtR0qsfBbexj53xg] update_mapping [project]
[2017-05-27T14:32:56,175][INFO ][o.e.c.m.MetaDataMappingService] [vMvkc2c] [projects/1XHK9BrtR0qsfBbexj53xg] update_mapping [project]
[2017-05-27T14:35:17,979][INFO ][o.e.m.j.JvmGcMonitorService] [vMvkc2c] [gc][192] overhead, spent [438ms] collecting in the last [1s]
[2017-05-27T14:46:53,109][INFO ][o.e.c.m.MetaDataDeleteIndexService] [vMvkc2c] [projects/1XHK9BrtR0qsfBbexj53xg] deleting index
[2017-05-27T14:46:53,611][INFO ][o.e.c.m.MetaDataCreateIndexService] [vMvkc2c] [projects] creating index, cause [api], templates [], shards [5]/[1], mappings [project]
[2017-05-27T14:46:54,501][INFO ][o.e.c.m.MetaDataMappingService] [vMvkc2c] [projects/hqnuKeotSLmB6mXnifcisg] update_mapping [project]
[2017-05-27T14:46:54,686][INFO ][o.e.c.m.MetaDataMappingService] [vMvkc2c] [projects/hqnuKeotSLmB6mXnifcisg] update_mapping [project]
[2017-05-27T15:11:50,716][INFO ][o.e.c.m.MetaDataDeleteIndexService] [vMvkc2c] [projects/hqnuKeotSLmB6mXnifcisg] deleting index
[2017-05-27T15:11:51,406][INFO ][o.e.c.m.MetaDataCreateIndexService] [vMvkc2c] [projects] creating index, cause [api], templates [], shards [5]/[1], mappings [project]
[2017-05-27T15:11:52,116][INFO ][o.e.c.m.MetaDataMappingService] [vMvkc2c] [projects/c3jWtU_MQE-MWaSnNr2Saw] update_mapping [project]
[2017-05-27T15:11:52,216][INFO ][o.e.c.m.MetaDataMappingService] [vMvkc2c] [projects/c3jWtU_MQE-MWaSnNr2Saw] update_mapping [project]
[2017-05-27T18:14:43,623][INFO ][o.e.c.m.MetaDataDeleteIndexService] [vMvkc2c] [projects/c3jWtU_MQE-MWaSnNr2Saw] deleting index
[2017-05-27T18:14:44,036][INFO ][o.e.c.m.MetaDataCreateIndexService] [vMvkc2c] [projects] creating index, cause [api], templates [], shards [5]/[1], mappings [project]
[2017-05-27T18:14:44,678][INFO ][o.e.c.m.MetaDataMappingService] [vMvkc2c] [projects/fMVIpBxRQKqTo_JHysh12g] update_mapping [project]
[2017-05-27T18:14:44,782][INFO ][o.e.c.m.MetaDataMappingService] [vMvkc2c] [projects/fMVIpBxRQKqTo_JHysh12g] update_mapping [project]
[2017-05-27T19:55:07,114][INFO ][o.e.n.Node               ] [vMvkc2c] stopping ...
[2017-05-27T19:55:07,258][INFO ][o.e.n.Node               ] [vMvkc2c] stopped
[2017-05-27T19:55:07,263][INFO ][o.e.n.Node               ] [vMvkc2c] closing ...
[2017-05-27T19:55:07,279][INFO ][o.e.n.Node               ] [vMvkc2c] closed
[2017-05-27T20:31:17,853][INFO ][o.e.n.Node               ] [] initializing ...
[2017-05-27T20:31:18,032][INFO ][o.e.e.NodeEnvironment    ] [vMvkc2c] using [1] data paths, mounts [[/vagrant (vagrant)]], net usable_space [44.7gb], net total_space [65.1gb], spins? [possibly], types [vboxsf]
[2017-05-27T20:31:18,033][INFO ][o.e.e.NodeEnvironment    ] [vMvkc2c] heap size [1.9gb], compressed ordinary object pointers [true]
[2017-05-27T20:31:20,365][INFO ][o.e.n.Node               ] node name [vMvkc2c] derived from node ID [vMvkc2crRDOAiCeMB2kf9w]; set [node.name] to override
[2017-05-27T20:31:20,366][INFO ][o.e.n.Node               ] version[5.4.0], pid[2099], build[780f8c4/2017-04-28T17:43:27.229Z], OS[Linux/4.4.0-78-generic/amd64], JVM[Oracle Corporation/Java HotSpot(TM) 64-Bit Server VM/1.8.0_131/25.131-b11]
[2017-05-27T20:31:23,230][INFO ][o.e.p.PluginsService     ] [vMvkc2c] loaded module [aggs-matrix-stats]
[2017-05-27T20:31:23,232][INFO ][o.e.p.PluginsService     ] [vMvkc2c] loaded module [ingest-common]
[2017-05-27T20:31:23,233][INFO ][o.e.p.PluginsService     ] [vMvkc2c] loaded module [lang-expression]
[2017-05-27T20:31:23,233][INFO ][o.e.p.PluginsService     ] [vMvkc2c] loaded module [lang-groovy]
[2017-05-27T20:31:23,233][INFO ][o.e.p.PluginsService     ] [vMvkc2c] loaded module [lang-mustache]
[2017-05-27T20:31:23,234][INFO ][o.e.p.PluginsService     ] [vMvkc2c] loaded module [lang-painless]
[2017-05-27T20:31:23,234][INFO ][o.e.p.PluginsService     ] [vMvkc2c] loaded module [percolator]
[2017-05-27T20:31:23,235][INFO ][o.e.p.PluginsService     ] [vMvkc2c] loaded module [reindex]
[2017-05-27T20:31:23,235][INFO ][o.e.p.PluginsService     ] [vMvkc2c] loaded module [transport-netty3]
[2017-05-27T20:31:23,235][INFO ][o.e.p.PluginsService     ] [vMvkc2c] loaded module [transport-netty4]
[2017-05-27T20:31:23,237][INFO ][o.e.p.PluginsService     ] [vMvkc2c] no plugins loaded
[2017-05-27T20:31:27,537][INFO ][o.e.d.DiscoveryModule    ] [vMvkc2c] using discovery type [zen]
[2017-05-27T20:31:28,849][INFO ][o.e.n.Node               ] initialized
[2017-05-27T20:31:28,850][INFO ][o.e.n.Node               ] [vMvkc2c] starting ...
[2017-05-27T20:31:29,442][INFO ][o.e.t.TransportService   ] [vMvkc2c] publish_address {127.0.0.1:9300}, bound_addresses {[::1]:9300}, {127.0.0.1:9300}
[2017-05-27T20:31:29,454][WARN ][o.e.b.BootstrapChecks    ] [vMvkc2c] max virtual memory areas vm.max_map_count [65530] is too low, increase to at least [262144]
[2017-05-27T20:31:29,860][INFO ][o.e.m.j.JvmGcMonitorService] [vMvkc2c] [gc][1] overhead, spent [270ms] collecting in the last [1s]
[2017-05-27T20:31:32,559][INFO ][o.e.c.s.ClusterService   ] [vMvkc2c] new_master {vMvkc2c}{vMvkc2crRDOAiCeMB2kf9w}{bQ_Dn_zgTJyqldbv-CQBUg}{127.0.0.1}{127.0.0.1:9300}, reason: zen-disco-elected-as-master ([0] nodes joined)
[2017-05-27T20:31:32,611][INFO ][o.e.h.n.Netty4HttpServerTransport] [vMvkc2c] publish_address {127.0.0.1:9200}, bound_addresses {[::1]:9200}, {127.0.0.1:9200}
[2017-05-27T20:31:32,621][INFO ][o.e.n.Node               ] [vMvkc2c] started
[2017-05-27T20:31:34,156][INFO ][o.e.g.GatewayService     ] [vMvkc2c] recovered [9] indices into cluster_state
[2017-05-27T20:31:41,424][INFO ][o.e.c.r.a.AllocationService] [vMvkc2c] Cluster health status changed from [RED] to [YELLOW] (reason: [shards started [[users][0]] ...]).
[2017-05-27T21:17:32,805][INFO ][o.e.c.m.MetaDataDeleteIndexService] [vMvkc2c] [projects/fMVIpBxRQKqTo_JHysh12g] deleting index
[2017-05-27T21:17:33,617][INFO ][o.e.c.m.MetaDataCreateIndexService] [vMvkc2c] [projects] creating index, cause [api], templates [], shards [5]/[1], mappings [project]
[2017-05-27T21:17:35,180][INFO ][o.e.c.m.MetaDataMappingService] [vMvkc2c] [projects/uCil-2VsTliL4nqC9remGA] update_mapping [project]
[2017-05-27T21:17:35,189][WARN ][o.e.m.j.JvmGcMonitorService] [vMvkc2c] [gc][2764] overhead, spent [662ms] collecting in the last [1s]
[2017-05-27T21:17:35,475][INFO ][o.e.c.m.MetaDataMappingService] [vMvkc2c] [projects/uCil-2VsTliL4nqC9remGA] update_mapping [project]
[2017-05-27T21:21:02,481][INFO ][o.e.c.m.MetaDataDeleteIndexService] [vMvkc2c] [projects/uCil-2VsTliL4nqC9remGA] deleting index
[2017-05-27T21:21:03,098][INFO ][o.e.c.m.MetaDataCreateIndexService] [vMvkc2c] [projects] creating index, cause [api], templates [], shards [5]/[1], mappings [project]
[2017-05-27T21:21:03,718][INFO ][o.e.c.m.MetaDataMappingService] [vMvkc2c] [projects/YXpfxUb-Tau8Nn_v_GJSYQ] update_mapping [project]
[2017-05-27T21:21:03,901][INFO ][o.e.c.m.MetaDataMappingService] [vMvkc2c] [projects/YXpfxUb-Tau8Nn_v_GJSYQ] update_mapping [project]
[2017-05-27T21:22:32,126][INFO ][o.e.c.m.MetaDataDeleteIndexService] [vMvkc2c] [projects/YXpfxUb-Tau8Nn_v_GJSYQ] deleting index
[2017-05-27T21:22:32,565][INFO ][o.e.c.m.MetaDataCreateIndexService] [vMvkc2c] [projects] creating index, cause [api], templates [], shards [5]/[1], mappings [project]
[2017-05-27T21:22:33,229][INFO ][o.e.c.m.MetaDataMappingService] [vMvkc2c] [projects/uSBORijtSm6-_F8m3HJThw] update_mapping [project]
[2017-05-27T21:22:33,343][INFO ][o.e.c.m.MetaDataMappingService] [vMvkc2c] [projects/uSBORijtSm6-_F8m3HJThw] update_mapping [project]
[2017-05-27T22:08:08,841][INFO ][o.e.c.m.MetaDataDeleteIndexService] [vMvkc2c] [projects/uSBORijtSm6-_F8m3HJThw] deleting index
[2017-05-27T22:08:09,454][INFO ][o.e.c.m.MetaDataCreateIndexService] [vMvkc2c] [projects] creating index, cause [api], templates [], shards [5]/[1], mappings [project]
[2017-05-27T22:08:10,147][INFO ][o.e.c.m.MetaDataMappingService] [vMvkc2c] [projects/B6UX4RXwQFOcz9oTC2ASsw] update_mapping [project]
[2017-05-27T22:08:10,278][INFO ][o.e.c.m.MetaDataMappingService] [vMvkc2c] [projects/B6UX4RXwQFOcz9oTC2ASsw] update_mapping [project]
[2017-05-27T22:11:13,005][INFO ][o.e.c.m.MetaDataDeleteIndexService] [vMvkc2c] [projects/B6UX4RXwQFOcz9oTC2ASsw] deleting index
[2017-05-27T22:11:13,318][INFO ][o.e.c.m.MetaDataCreateIndexService] [vMvkc2c] [projects] creating index, cause [api], templates [], shards [5]/[1], mappings [project]
[2017-05-27T22:11:14,812][INFO ][o.e.c.m.MetaDataMappingService] [vMvkc2c] [projects/jNtFg3HdTECLMSSJliDYAQ] update_mapping [project]
[2017-05-27T22:11:17,084][INFO ][o.e.c.m.MetaDataMappingService] [vMvkc2c] [projects/jNtFg3HdTECLMSSJliDYAQ] update_mapping [project]
[2017-05-27T22:11:51,271][INFO ][o.e.c.m.MetaDataMappingService] [vMvkc2c] [projects/jNtFg3HdTECLMSSJliDYAQ] update_mapping [project]
[2017-05-27T22:13:55,000][INFO ][o.e.n.Node               ] [vMvkc2c] stopping ...
[2017-05-27T22:13:56,007][INFO ][o.e.n.Node               ] [vMvkc2c] stopped
[2017-05-27T22:13:56,008][INFO ][o.e.n.Node               ] [vMvkc2c] closing ...
[2017-05-27T22:13:56,029][INFO ][o.e.n.Node               ] [vMvkc2c] closed
[2017-05-27T22:14:05,292][INFO ][o.e.n.Node               ] [] initializing ...
[2017-05-27T22:14:05,475][INFO ][o.e.e.NodeEnvironment    ] [vMvkc2c] using [1] data paths, mounts [[/vagrant (vagrant)]], net usable_space [44.6gb], net total_space [65.1gb], spins? [possibly], types [vboxsf]
[2017-05-27T22:14:05,476][INFO ][o.e.e.NodeEnvironment    ] [vMvkc2c] heap size [1.9gb], compressed ordinary object pointers [true]
[2017-05-27T22:14:07,246][INFO ][o.e.n.Node               ] node name [vMvkc2c] derived from node ID [vMvkc2crRDOAiCeMB2kf9w]; set [node.name] to override
[2017-05-27T22:14:07,247][INFO ][o.e.n.Node               ] version[5.4.0], pid[6903], build[780f8c4/2017-04-28T17:43:27.229Z], OS[Linux/4.4.0-78-generic/amd64], JVM[Oracle Corporation/Java HotSpot(TM) 64-Bit Server VM/1.8.0_131/25.131-b11]
[2017-05-27T22:14:09,986][INFO ][o.e.p.PluginsService     ] [vMvkc2c] loaded module [aggs-matrix-stats]
[2017-05-27T22:14:09,987][INFO ][o.e.p.PluginsService     ] [vMvkc2c] loaded module [ingest-common]
[2017-05-27T22:14:09,988][INFO ][o.e.p.PluginsService     ] [vMvkc2c] loaded module [lang-expression]
[2017-05-27T22:14:09,989][INFO ][o.e.p.PluginsService     ] [vMvkc2c] loaded module [lang-groovy]
[2017-05-27T22:14:09,989][INFO ][o.e.p.PluginsService     ] [vMvkc2c] loaded module [lang-mustache]
[2017-05-27T22:14:09,990][INFO ][o.e.p.PluginsService     ] [vMvkc2c] loaded module [lang-painless]
[2017-05-27T22:14:09,990][INFO ][o.e.p.PluginsService     ] [vMvkc2c] loaded module [percolator]
[2017-05-27T22:14:09,992][INFO ][o.e.p.PluginsService     ] [vMvkc2c] loaded module [reindex]
[2017-05-27T22:14:09,992][INFO ][o.e.p.PluginsService     ] [vMvkc2c] loaded module [transport-netty3]
[2017-05-27T22:14:09,993][INFO ][o.e.p.PluginsService     ] [vMvkc2c] loaded module [transport-netty4]
[2017-05-27T22:14:09,994][INFO ][o.e.p.PluginsService     ] [vMvkc2c] no plugins loaded
[2017-05-27T22:14:14,479][INFO ][o.e.d.DiscoveryModule    ] [vMvkc2c] using discovery type [zen]
[2017-05-27T22:14:16,858][INFO ][o.e.n.Node               ] initialized
[2017-05-27T22:14:16,867][INFO ][o.e.n.Node               ] [vMvkc2c] starting ...
[2017-05-27T22:14:17,648][INFO ][o.e.t.TransportService   ] [vMvkc2c] publish_address {127.0.0.1:9300}, bound_addresses {[::1]:9300}, {127.0.0.1:9300}
[2017-05-27T22:14:17,696][WARN ][o.e.b.BootstrapChecks    ] [vMvkc2c] max virtual memory areas vm.max_map_count [65530] is too low, increase to at least [262144]
[2017-05-27T22:14:17,883][INFO ][o.e.m.j.JvmGcMonitorService] [vMvkc2c] [gc][1] overhead, spent [288ms] collecting in the last [1s]
[2017-05-27T22:14:20,828][INFO ][o.e.c.s.ClusterService   ] [vMvkc2c] new_master {vMvkc2c}{vMvkc2crRDOAiCeMB2kf9w}{gDFD7jIfQtSjIYmhfCxjTg}{127.0.0.1}{127.0.0.1:9300}, reason: zen-disco-elected-as-master ([0] nodes joined)
[2017-05-27T22:14:20,897][INFO ][o.e.h.n.Netty4HttpServerTransport] [vMvkc2c] publish_address {127.0.0.1:9200}, bound_addresses {[::1]:9200}, {127.0.0.1:9200}
[2017-05-27T22:14:20,915][INFO ][o.e.n.Node               ] [vMvkc2c] started
[2017-05-27T22:14:25,343][INFO ][o.e.g.GatewayService     ] [vMvkc2c] recovered [9] indices into cluster_state
[2017-05-27T22:14:45,149][INFO ][o.e.c.r.a.AllocationService] [vMvkc2c] Cluster health status changed from [RED] to [YELLOW] (reason: [shards started [[users][4]] ...]).
[2017-05-27T22:27:39,564][INFO ][o.e.m.j.JvmGcMonitorService] [vMvkc2c] [gc][802] overhead, spent [456ms] collecting in the last [1s]
