[2017-05-30T05:57:31,114][INFO ][o.e.c.m.MetaDataDeleteIndexService] [vMvkc2c] [projects/-VZkU59oQSO7aMe8uupZXA] deleting index
[2017-05-30T05:57:32,494][INFO ][o.e.c.m.MetaDataCreateIndexService] [vMvkc2c] [projects] creating index, cause [api], templates [], shards [5]/[1], mappings [project]
[2017-05-30T05:57:34,116][INFO ][o.e.c.m.MetaDataMappingService] [vMvkc2c] [projects/GDpahGURQ8O8ckqEm3H-JA] update_mapping [project]
[2017-05-30T05:57:36,557][INFO ][o.e.c.m.MetaDataMappingService] [vMvkc2c] [projects/GDpahGURQ8O8ckqEm3H-JA] update_mapping [project]
[2017-05-30T05:58:40,976][INFO ][o.e.c.m.MetaDataMappingService] [vMvkc2c] [projects/GDpahGURQ8O8ckqEm3H-JA] update_mapping [project]
[2017-05-30T06:36:18,750][INFO ][o.e.n.Node               ] [vMvkc2c] stopping ...
[2017-05-30T06:36:18,915][INFO ][o.e.n.Node               ] [vMvkc2c] stopped
[2017-05-30T06:36:18,915][INFO ][o.e.n.Node               ] [vMvkc2c] closing ...
[2017-05-30T06:36:18,939][INFO ][o.e.n.Node               ] [vMvkc2c] closed
[2017-05-30T22:34:32,650][INFO ][o.e.n.Node               ] [] initializing ...
[2017-05-30T22:34:32,824][INFO ][o.e.e.NodeEnvironment    ] [vMvkc2c] using [1] data paths, mounts [[/vagrant (vagrant)]], net usable_space [44.1gb], net total_space [65.1gb], spins? [possibly], types [vboxsf]
[2017-05-30T22:34:32,824][INFO ][o.e.e.NodeEnvironment    ] [vMvkc2c] heap size [1.9gb], compressed ordinary object pointers [true]
[2017-05-30T22:34:35,348][INFO ][o.e.n.Node               ] node name [vMvkc2c] derived from node ID [vMvkc2crRDOAiCeMB2kf9w]; set [node.name] to override
[2017-05-30T22:34:35,349][INFO ][o.e.n.Node               ] version[5.4.0], pid[8907], build[780f8c4/2017-04-28T17:43:27.229Z], OS[Linux/4.4.0-78-generic/amd64], JVM[Oracle Corporation/Java HotSpot(TM) 64-Bit Server VM/1.8.0_131/25.131-b11]
[2017-05-30T22:34:39,452][INFO ][o.e.p.PluginsService     ] [vMvkc2c] loaded module [aggs-matrix-stats]
[2017-05-30T22:34:39,452][INFO ][o.e.p.PluginsService     ] [vMvkc2c] loaded module [ingest-common]
[2017-05-30T22:34:39,452][INFO ][o.e.p.PluginsService     ] [vMvkc2c] loaded module [lang-expression]
[2017-05-30T22:34:39,453][INFO ][o.e.p.PluginsService     ] [vMvkc2c] loaded module [lang-groovy]
[2017-05-30T22:34:39,453][INFO ][o.e.p.PluginsService     ] [vMvkc2c] loaded module [lang-mustache]
[2017-05-30T22:34:39,453][INFO ][o.e.p.PluginsService     ] [vMvkc2c] loaded module [lang-painless]
[2017-05-30T22:34:39,453][INFO ][o.e.p.PluginsService     ] [vMvkc2c] loaded module [percolator]
[2017-05-30T22:34:39,454][INFO ][o.e.p.PluginsService     ] [vMvkc2c] loaded module [reindex]
[2017-05-30T22:34:39,454][INFO ][o.e.p.PluginsService     ] [vMvkc2c] loaded module [transport-netty3]
[2017-05-30T22:34:39,454][INFO ][o.e.p.PluginsService     ] [vMvkc2c] loaded module [transport-netty4]
[2017-05-30T22:34:39,455][INFO ][o.e.p.PluginsService     ] [vMvkc2c] no plugins loaded
[2017-05-30T22:34:44,406][INFO ][o.e.d.DiscoveryModule    ] [vMvkc2c] using discovery type [zen]
[2017-05-30T22:34:45,493][INFO ][o.e.n.Node               ] initialized
[2017-05-30T22:34:45,494][INFO ][o.e.n.Node               ] [vMvkc2c] starting ...
[2017-05-30T22:34:45,729][INFO ][o.e.t.TransportService   ] [vMvkc2c] publish_address {127.0.0.1:9300}, bound_addresses {[::1]:9300}, {127.0.0.1:9300}
[2017-05-30T22:34:45,739][WARN ][o.e.b.BootstrapChecks    ] [vMvkc2c] max virtual memory areas vm.max_map_count [65530] is too low, increase to at least [262144]
[2017-05-30T22:34:46,500][INFO ][o.e.m.j.JvmGcMonitorService] [vMvkc2c] [gc][1] overhead, spent [299ms] collecting in the last [1s]
[2017-05-30T22:34:49,174][INFO ][o.e.c.s.ClusterService   ] [vMvkc2c] new_master {vMvkc2c}{vMvkc2crRDOAiCeMB2kf9w}{DZ2lB4kuTrK5vhq-xyafZQ}{127.0.0.1}{127.0.0.1:9300}, reason: zen-disco-elected-as-master ([0] nodes joined)
[2017-05-30T22:34:49,233][INFO ][o.e.h.n.Netty4HttpServerTransport] [vMvkc2c] publish_address {127.0.0.1:9200}, bound_addresses {[::1]:9200}, {127.0.0.1:9200}
[2017-05-30T22:34:49,243][INFO ][o.e.n.Node               ] [vMvkc2c] started
[2017-05-30T22:34:50,875][INFO ][o.e.g.GatewayService     ] [vMvkc2c] recovered [9] indices into cluster_state
[2017-05-30T22:35:01,501][INFO ][o.e.c.r.a.AllocationService] [vMvkc2c] Cluster health status changed from [RED] to [YELLOW] (reason: [shards started [[users][1]] ...]).
[2017-05-30T23:15:08,802][INFO ][o.e.m.j.JvmGcMonitorService] [vMvkc2c] [gc][2421] overhead, spent [500ms] collecting in the last [1.4s]
